<?xml version="1.0" encoding="UTF-8"?>
<testsuite xmlns:xsi="http://www.w3.org/2001/XMLSchema-instance" xsi:noNamespaceSchemaLocation="https://maven.apache.org/surefire/maven-failsafe-plugin/xsd/failsafe-test-report-3.0.xsd" version="3.0" name="Login User" time="30.998" tests="2" errors="0" skipped="0" failures="2">
  <properties>
    <property name="gopherProxySet" value="false"/>
    <property name="awt.toolkit" value="sun.lwawt.macosx.LWCToolkit"/>
    <property name="file.encoding.pkg" value="sun.io"/>
    <property name="java.specification.version" value="1.8"/>
    <property name="sun.cpu.isalist" value=""/>
    <property name="sun.jnu.encoding" value="UTF-8"/>
    <property name="java.class.path" value="/Users/jeyba01/Documents/Badhree/SpringSuite/Serenity-Cucumber-Runner/target/test-classes:/Users/jeyba01/Documents/Badhree/SpringSuite/Serenity-Cucumber-Runner/target/classes:/Users/jeyba01/.m2/repository/org/springframework/boot/spring-boot-starter-actuator/2.0.6.RELEASE/spring-boot-starter-actuator-2.0.6.RELEASE.jar:/Users/jeyba01/.m2/repository/org/springframework/boot/spring-boot-starter/2.0.6.RELEASE/spring-boot-starter-2.0.6.RELEASE.jar:/Users/jeyba01/.m2/repository/org/springframework/boot/spring-boot/2.0.6.RELEASE/spring-boot-2.0.6.RELEASE.jar:/Users/jeyba01/.m2/repository/org/springframework/boot/spring-boot-autoconfigure/2.0.6.RELEASE/spring-boot-autoconfigure-2.0.6.RELEASE.jar:/Users/jeyba01/.m2/repository/org/springframework/boot/spring-boot-starter-logging/2.0.6.RELEASE/spring-boot-starter-logging-2.0.6.RELEASE.jar:/Users/jeyba01/.m2/repository/ch/qos/logback/logback-classic/1.2.3/logback-classic-1.2.3.jar:/Users/jeyba01/.m2/repository/ch/qos/logback/logback-core/1.2.3/logback-core-1.2.3.jar:/Users/jeyba01/.m2/repository/org/apache/logging/log4j/log4j-to-slf4j/2.10.0/log4j-to-slf4j-2.10.0.jar:/Users/jeyba01/.m2/repository/org/apache/logging/log4j/log4j-api/2.10.0/log4j-api-2.10.0.jar:/Users/jeyba01/.m2/repository/org/slf4j/jul-to-slf4j/1.7.25/jul-to-slf4j-1.7.25.jar:/Users/jeyba01/.m2/repository/javax/annotation/javax.annotation-api/1.3.2/javax.annotation-api-1.3.2.jar:/Users/jeyba01/.m2/repository/org/yaml/snakeyaml/1.19/snakeyaml-1.19.jar:/Users/jeyba01/.m2/repository/org/springframework/boot/spring-boot-actuator-autoconfigure/2.0.6.RELEASE/spring-boot-actuator-autoconfigure-2.0.6.RELEASE.jar:/Users/jeyba01/.m2/repository/org/springframework/boot/spring-boot-actuator/2.0.6.RELEASE/spring-boot-actuator-2.0.6.RELEASE.jar:/Users/jeyba01/.m2/repository/com/fasterxml/jackson/core/jackson-databind/2.9.7/jackson-databind-2.9.7.jar:/Users/jeyba01/.m2/repository/com/fasterxml/jackson/core/jackson-annotations/2.9.0/jackson-annotations-2.9.0.jar:/Users/jeyba01/.m2/repository/com/fasterxml/jackson/core/jackson-core/2.9.7/jackson-core-2.9.7.jar:/Users/jeyba01/.m2/repository/com/fasterxml/jackson/datatype/jackson-datatype-jsr310/2.9.7/jackson-datatype-jsr310-2.9.7.jar:/Users/jeyba01/.m2/repository/io/micrometer/micrometer-core/1.0.7/micrometer-core-1.0.7.jar:/Users/jeyba01/.m2/repository/org/hdrhistogram/HdrHistogram/2.1.10/HdrHistogram-2.1.10.jar:/Users/jeyba01/.m2/repository/org/latencyutils/LatencyUtils/2.0.3/LatencyUtils-2.0.3.jar:/Users/jeyba01/.m2/repository/org/springframework/boot/spring-boot-starter-test/2.0.6.RELEASE/spring-boot-starter-test-2.0.6.RELEASE.jar:/Users/jeyba01/.m2/repository/org/springframework/boot/spring-boot-test/2.0.6.RELEASE/spring-boot-test-2.0.6.RELEASE.jar:/Users/jeyba01/.m2/repository/org/springframework/boot/spring-boot-test-autoconfigure/2.0.6.RELEASE/spring-boot-test-autoconfigure-2.0.6.RELEASE.jar:/Users/jeyba01/.m2/repository/com/jayway/jsonpath/json-path/2.4.0/json-path-2.4.0.jar:/Users/jeyba01/.m2/repository/net/minidev/json-smart/2.3/json-smart-2.3.jar:/Users/jeyba01/.m2/repository/net/minidev/accessors-smart/1.2/accessors-smart-1.2.jar:/Users/jeyba01/.m2/repository/org/mockito/mockito-core/2.15.0/mockito-core-2.15.0.jar:/Users/jeyba01/.m2/repository/org/hamcrest/hamcrest-core/1.3/hamcrest-core-1.3.jar:/Users/jeyba01/.m2/repository/org/hamcrest/hamcrest-library/1.3/hamcrest-library-1.3.jar:/Users/jeyba01/.m2/repository/org/skyscreamer/jsonassert/1.5.0/jsonassert-1.5.0.jar:/Users/jeyba01/.m2/repository/com/vaadin/external/google/android-json/0.0.20131108.vaadin1/android-json-0.0.20131108.vaadin1.jar:/Users/jeyba01/.m2/repository/org/springframework/spring-core/5.0.10.RELEASE/spring-core-5.0.10.RELEASE.jar:/Users/jeyba01/.m2/repository/org/springframework/spring-jcl/5.0.10.RELEASE/spring-jcl-5.0.10.RELEASE.jar:/Users/jeyba01/.m2/repository/org/springframework/spring-test/5.0.10.RELEASE/spring-test-5.0.10.RELEASE.jar:/Users/jeyba01/.m2/repository/org/xmlunit/xmlunit-core/2.5.1/xmlunit-core-2.5.1.jar:/Users/jeyba01/.m2/repository/net/serenity-bdd/serenity-core/2.0.40/serenity-core-2.0.40.jar:/Users/jeyba01/.m2/repository/net/bytebuddy/byte-buddy/1.7.11/byte-buddy-1.7.11.jar:/Users/jeyba01/.m2/repository/net/bytebuddy/byte-buddy-agent/1.7.11/byte-buddy-agent-1.7.11.jar:/Users/jeyba01/.m2/repository/com/google/inject/guice/4.2.2/guice-4.2.2.jar:/Users/jeyba01/.m2/repository/javax/inject/javax.inject/1/javax.inject-1.jar:/Users/jeyba01/.m2/repository/aopalliance/aopalliance/1.0/aopalliance-1.0.jar:/Users/jeyba01/.m2/repository/cglib/cglib/3.2.5/cglib-3.2.5.jar:/Users/jeyba01/.m2/repository/org/ow2/asm/asm/5.0.3/asm-5.0.3.jar:/Users/jeyba01/.m2/repository/org/objenesis/objenesis/2.6/objenesis-2.6.jar:/Users/jeyba01/.m2/repository/org/slf4j/slf4j-api/1.7.25/slf4j-api-1.7.25.jar:/Users/jeyba01/.m2/repository/xml-apis/xml-apis/1.4.01/xml-apis-1.4.01.jar:/Users/jeyba01/.m2/repository/io/cucumber/cucumber-core/2.4.0/cucumber-core-2.4.0.jar:/Users/jeyba01/.m2/repository/info/cukes/cucumber-html/0.2.6/cucumber-html-0.2.6.jar:/Users/jeyba01/.m2/repository/io/cucumber/cucumber-jvm-deps/1.0.6/cucumber-jvm-deps-1.0.6.jar:/Users/jeyba01/.m2/repository/io/cucumber/gherkin/5.0.0/gherkin-5.0.0.jar:/Users/jeyba01/.m2/repository/io/cucumber/tag-expressions/1.1.1/tag-expressions-1.1.1.jar:/Users/jeyba01/.m2/repository/io/vavr/vavr/0.9.0/vavr-0.9.0.jar:/Users/jeyba01/.m2/repository/io/vavr/vavr-match/0.9.0/vavr-match-0.9.0.jar:/Users/jeyba01/.m2/repository/javax/xml/bind/jaxb-api/2.3.1/jaxb-api-2.3.1.jar:/Users/jeyba01/.m2/repository/javax/activation/javax.activation-api/1.2.0/javax.activation-api-1.2.0.jar:/Users/jeyba01/.m2/repository/com/sun/xml/bind/jaxb-core/2.3.0.1/jaxb-core-2.3.0.1.jar:/Users/jeyba01/.m2/repository/com/sun/xml/bind/jaxb-impl/2.3.0.1/jaxb-impl-2.3.0.1.jar:/Users/jeyba01/.m2/repository/javax/activation/activation/1.1.1/activation-1.1.1.jar:/Users/jeyba01/.m2/repository/net/serenity-bdd/serenity-report-resources/2.0.40/serenity-report-resources-2.0.40.jar:/Users/jeyba01/.m2/repository/net/serenity-bdd/serenity-model/2.0.40/serenity-model-2.0.40.jar:/Users/jeyba01/.m2/repository/commons-net/commons-net/3.6/commons-net-3.6.jar:/Users/jeyba01/.m2/repository/org/apache/commons/commons-text/1.6/commons-text-1.6.jar:/Users/jeyba01/.m2/repository/commons-io/commons-io/2.6/commons-io-2.6.jar:/Users/jeyba01/.m2/repository/org/seleniumhq/selenium/selenium-server/3.141.59/selenium-server-3.141.59.jar:/Users/jeyba01/.m2/repository/com/beust/jcommander/1.72/jcommander-1.72.jar:/Users/jeyba01/.m2/repository/net/jcip/jcip-annotations/1.0/jcip-annotations-1.0.jar:/Users/jeyba01/.m2/repository/org/seleniumhq/selenium/jetty-repacked/9.4.12.v20180830/jetty-repacked-9.4.12.v20180830.jar:/Users/jeyba01/.m2/repository/javax/servlet/javax.servlet-api/3.1.0/javax.servlet-api-3.1.0.jar:/Users/jeyba01/.m2/repository/org/seleniumhq/selenium/selenium-edge-driver/3.141.59/selenium-edge-driver-3.141.59.jar:/Users/jeyba01/.m2/repository/org/seleniumhq/selenium/selenium-safari-driver/3.141.59/selenium-safari-driver-3.141.59.jar:/Users/jeyba01/.m2/repository/org/seleniumhq/selenium/selenium-opera-driver/3.141.59/selenium-opera-driver-3.141.59.jar:/Users/jeyba01/.m2/repository/com/paulhammant/ngwebdriver/1.1.4/ngwebdriver-1.1.4.jar:/Users/jeyba01/.m2/repository/com/codeborne/phantomjsdriver/1.4.4/phantomjsdriver-1.4.4.jar:/Users/jeyba01/.m2/repository/org/eclipse/jetty/jetty-util/9.4.12.v20180830/jetty-util-9.4.12.v20180830.jar:/Users/jeyba01/.m2/repository/org/eclipse/jetty/jetty-io/9.4.12.v20180830/jetty-io-9.4.12.v20180830.jar:/Users/jeyba01/.m2/repository/org/seleniumhq/selenium/htmlunit-driver/2.29.3/htmlunit-driver-2.29.3.jar:/Users/jeyba01/.m2/repository/io/appium/java-client/6.1.0/java-client-6.1.0.jar:/Users/jeyba01/.m2/repository/commons-validator/commons-validator/1.6/commons-validator-1.6.jar:/Users/jeyba01/.m2/repository/commons-beanutils/commons-beanutils/1.9.2/commons-beanutils-1.9.2.jar:/Users/jeyba01/.m2/repository/commons-digester/commons-digester/1.8.1/commons-digester-1.8.1.jar:/Users/jeyba01/.m2/repository/org/aspectj/aspectjweaver/1.8.13/aspectjweaver-1.8.13.jar:/Users/jeyba01/.m2/repository/org/openpnp/opencv/3.2.0-1/opencv-3.2.0-1.jar:/Users/jeyba01/.m2/repository/org/glassfish/tyrus/tyrus-core/1.13.1/tyrus-core-1.13.1.jar:/Users/jeyba01/.m2/repository/org/glassfish/tyrus/tyrus-spi/1.13.1/tyrus-spi-1.13.1.jar:/Users/jeyba01/.m2/repository/javax/websocket/javax.websocket-api/1.1/javax.websocket-api-1.1.jar:/Users/jeyba01/.m2/repository/org/codehaus/groovy/groovy/2.4.15/groovy-2.4.15.jar:/Users/jeyba01/.m2/repository/net/sf/opencsv/opencsv/2.0/opencsv-2.0.jar:/Users/jeyba01/.m2/repository/commons-beanutils/commons-beanutils-core/1.8.3/commons-beanutils-core-1.8.3.jar:/Users/jeyba01/.m2/repository/joda-time/joda-time/2.9.9/joda-time-2.9.9.jar:/Users/jeyba01/.m2/repository/com/thoughtworks/xstream/xstream/1.4.9/xstream-1.4.9.jar:/Users/jeyba01/.m2/repository/xmlpull/xmlpull/1.1.3.1/xmlpull-1.1.3.1.jar:/Users/jeyba01/.m2/repository/xpp3/xpp3_min/1.1.4c/xpp3_min-1.1.4c.jar:/Users/jeyba01/.m2/repository/org/apache/commons/commons-lang3/3.7/commons-lang3-3.7.jar:/Users/jeyba01/.m2/repository/commons-collections/commons-collections/3.2.2/commons-collections-3.2.2.jar:/Users/jeyba01/.m2/repository/org/freemarker/freemarker/2.3.28/freemarker-2.3.28.jar:/Users/jeyba01/.m2/repository/net/sourceforge/jexcelapi/jxl/2.6.12/jxl-2.6.12.jar:/Users/jeyba01/.m2/repository/net/sourceforge/htmlunit/htmlunit/2.29/htmlunit-2.29.jar:/Users/jeyba01/.m2/repository/net/sourceforge/htmlunit/htmlunit-core-js/2.28/htmlunit-core-js-2.28.jar:/Users/jeyba01/.m2/repository/net/sourceforge/htmlunit/neko-htmlunit/2.28/neko-htmlunit-2.28.jar:/Users/jeyba01/.m2/repository/xerces/xercesImpl/2.11.0/xercesImpl-2.11.0.jar:/Users/jeyba01/.m2/repository/net/sourceforge/cssparser/cssparser/0.9.24/cssparser-0.9.24.jar:/Users/jeyba01/.m2/repository/org/w3c/css/sac/1.3/sac-1.3.jar:/Users/jeyba01/.m2/repository/org/eclipse/jetty/websocket/websocket-client/9.4.12.v20180830/websocket-client-9.4.12.v20180830.jar:/Users/jeyba01/.m2/repository/org/eclipse/jetty/jetty-client/9.4.12.v20180830/jetty-client-9.4.12.v20180830.jar:/Users/jeyba01/.m2/repository/org/eclipse/jetty/jetty-http/9.4.12.v20180830/jetty-http-9.4.12.v20180830.jar:/Users/jeyba01/.m2/repository/org/eclipse/jetty/jetty-xml/9.4.12.v20180830/jetty-xml-9.4.12.v20180830.jar:/Users/jeyba01/.m2/repository/org/eclipse/jetty/websocket/websocket-common/9.4.12.v20180830/websocket-common-9.4.12.v20180830.jar:/Users/jeyba01/.m2/repository/org/eclipse/jetty/websocket/websocket-api/9.4.12.v20180830/websocket-api-9.4.12.v20180830.jar:/Users/jeyba01/.m2/repository/org/apache/httpcomponents/httpmime/4.5.6/httpmime-4.5.6.jar:/Users/jeyba01/.m2/repository/org/fluentlenium/fluentlenium-core/0.10.2/fluentlenium-core-0.10.2.jar:/Users/jeyba01/.m2/repository/com/jhlabs/filters/2.0.235/filters-2.0.235.jar:/Users/jeyba01/.m2/repository/org/asciidoctor/asciidoctorj/1.5.6/asciidoctorj-1.5.6.jar:/Users/jeyba01/.m2/repository/org/jruby/jruby-complete/1.7.26/jruby-complete-1.7.26.jar:/Users/jeyba01/.m2/repository/org/imgscalr/imgscalr-lib/4.2/imgscalr-lib-4.2.jar:/Users/jeyba01/.m2/repository/javax/el/javax.el-api/2.2.4/javax.el-api-2.2.4.jar:/Users/jeyba01/.m2/repository/org/glassfish/web/javax.el/2.2.4/javax.el-2.2.4.jar:/Users/jeyba01/.m2/repository/xalan/xalan/2.7.2/xalan-2.7.2.jar:/Users/jeyba01/.m2/repository/xalan/serializer/2.7.2/serializer-2.7.2.jar:/Users/jeyba01/.m2/repository/org/awaitility/awaitility/3.1.0/awaitility-3.1.0.jar:/Users/jeyba01/.m2/repository/com/typesafe/config/1.3.1/config-1.3.1.jar:/Users/jeyba01/.m2/repository/org/jsoup/jsoup/1.10.3/jsoup-1.10.3.jar:/Users/jeyba01/.m2/repository/com/google/jimfs/jimfs/1.1/jimfs-1.1.jar:/Users/jeyba01/.m2/repository/es/nitaur/markdown/txtmark/0.16/txtmark-0.16.jar:/Users/jeyba01/.m2/repository/com/vladsch/flexmark/flexmark-all/0.34.30/flexmark-all-0.34.30.jar:/Users/jeyba01/.m2/repository/com/vladsch/flexmark/flexmark/0.34.30/flexmark-0.34.30.jar:/Users/jeyba01/.m2/repository/com/vladsch/flexmark/flexmark-ext-abbreviation/0.34.30/flexmark-ext-abbreviation-0.34.30.jar:/Users/jeyba01/.m2/repository/com/vladsch/flexmark/flexmark-ext-admonition/0.34.30/flexmark-ext-admonition-0.34.30.jar:/Users/jeyba01/.m2/repository/com/vladsch/flexmark/flexmark-ext-anchorlink/0.34.30/flexmark-ext-anchorlink-0.34.30.jar:/Users/jeyba01/.m2/repository/com/vladsch/flexmark/flexmark-ext-aside/0.34.30/flexmark-ext-aside-0.34.30.jar:/Users/jeyba01/.m2/repository/com/vladsch/flexmark/flexmark-ext-attributes/0.34.30/flexmark-ext-attributes-0.34.30.jar:/Users/jeyba01/.m2/repository/com/vladsch/flexmark/flexmark-ext-autolink/0.34.30/flexmark-ext-autolink-0.34.30.jar:/Users/jeyba01/.m2/repository/org/nibor/autolink/autolink/0.6.0/autolink-0.6.0.jar:/Users/jeyba01/.m2/repository/com/vladsch/flexmark/flexmark-ext-definition/0.34.30/flexmark-ext-definition-0.34.30.jar:/Users/jeyba01/.m2/repository/com/vladsch/flexmark/flexmark-ext-emoji/0.34.30/flexmark-ext-emoji-0.34.30.jar:/Users/jeyba01/.m2/repository/com/vladsch/flexmark/flexmark-ext-enumerated-reference/0.34.30/flexmark-ext-enumerated-reference-0.34.30.jar:/Users/jeyba01/.m2/repository/com/vladsch/flexmark/flexmark-ext-escaped-character/0.34.30/flexmark-ext-escaped-character-0.34.30.jar:/Users/jeyba01/.m2/repository/com/vladsch/flexmark/flexmark-ext-footnotes/0.34.30/flexmark-ext-footnotes-0.34.30.jar:/Users/jeyba01/.m2/repository/com/vladsch/flexmark/flexmark-ext-gfm-issues/0.34.30/flexmark-ext-gfm-issues-0.34.30.jar:/Users/jeyba01/.m2/repository/com/vladsch/flexmark/flexmark-ext-gfm-strikethrough/0.34.30/flexmark-ext-gfm-strikethrough-0.34.30.jar:/Users/jeyba01/.m2/repository/com/vladsch/flexmark/flexmark-ext-gfm-tables/0.34.30/flexmark-ext-gfm-tables-0.34.30.jar:/Users/jeyba01/.m2/repository/com/vladsch/flexmark/flexmark-ext-gfm-tasklist/0.34.30/flexmark-ext-gfm-tasklist-0.34.30.jar:/Users/jeyba01/.m2/repository/com/vladsch/flexmark/flexmark-ext-gfm-users/0.34.30/flexmark-ext-gfm-users-0.34.30.jar:/Users/jeyba01/.m2/repository/com/vladsch/flexmark/flexmark-ext-gitlab/0.34.30/flexmark-ext-gitlab-0.34.30.jar:/Users/jeyba01/.m2/repository/com/vladsch/flexmark/flexmark-ext-jekyll-front-matter/0.34.30/flexmark-ext-jekyll-front-matter-0.34.30.jar:/Users/jeyba01/.m2/repository/com/vladsch/flexmark/flexmark-ext-jekyll-tag/0.34.30/flexmark-ext-jekyll-tag-0.34.30.jar:/Users/jeyba01/.m2/repository/com/vladsch/flexmark/flexmark-ext-media-tags/0.34.30/flexmark-ext-media-tags-0.34.30.jar:/Users/jeyba01/.m2/repository/com/vladsch/flexmark/flexmark-test-util/0.34.30/flexmark-test-util-0.34.30.jar:/Users/jeyba01/.m2/repository/com/vladsch/flexmark/flexmark-ext-ins/0.34.30/flexmark-ext-ins-0.34.30.jar:/Users/jeyba01/.m2/repository/com/vladsch/flexmark/flexmark-ext-xwiki-macros/0.34.30/flexmark-ext-xwiki-macros-0.34.30.jar:/Users/jeyba01/.m2/repository/com/vladsch/flexmark/flexmark-ext-superscript/0.34.30/flexmark-ext-superscript-0.34.30.jar:/Users/jeyba01/.m2/repository/com/vladsch/flexmark/flexmark-ext-tables/0.34.30/flexmark-ext-tables-0.34.30.jar:/Users/jeyba01/.m2/repository/com/vladsch/flexmark/flexmark-ext-toc/0.34.30/flexmark-ext-toc-0.34.30.jar:/Users/jeyba01/.m2/repository/com/vladsch/flexmark/flexmark-ext-typographic/0.34.30/flexmark-ext-typographic-0.34.30.jar:/Users/jeyba01/.m2/repository/com/vladsch/flexmark/flexmark-ext-wikilink/0.34.30/flexmark-ext-wikilink-0.34.30.jar:/Users/jeyba01/.m2/repository/com/vladsch/flexmark/flexmark-ext-yaml-front-matter/0.34.30/flexmark-ext-yaml-front-matter-0.34.30.jar:/Users/jeyba01/.m2/repository/com/vladsch/flexmark/flexmark-ext-youtube-embedded/0.34.30/flexmark-ext-youtube-embedded-0.34.30.jar:/Users/jeyba01/.m2/repository/com/vladsch/flexmark/flexmark-formatter/0.34.30/flexmark-formatter-0.34.30.jar:/Users/jeyba01/.m2/repository/com/vladsch/flexmark/flexmark-html-parser/0.34.30/flexmark-html-parser-0.34.30.jar:/Users/jeyba01/.m2/repository/com/vladsch/flexmark/flexmark-jira-converter/0.34.30/flexmark-jira-converter-0.34.30.jar:/Users/jeyba01/.m2/repository/com/vladsch/flexmark/flexmark-pdf-converter/0.34.30/flexmark-pdf-converter-0.34.30.jar:/Users/jeyba01/.m2/repository/com/openhtmltopdf/openhtmltopdf-core/0.0.1-RC13/openhtmltopdf-core-0.0.1-RC13.jar:/Users/jeyba01/.m2/repository/com/openhtmltopdf/openhtmltopdf-pdfbox/0.0.1-RC13/openhtmltopdf-pdfbox-0.0.1-RC13.jar:/Users/jeyba01/.m2/repository/org/apache/pdfbox/pdfbox/2.0.8/pdfbox-2.0.8.jar:/Users/jeyba01/.m2/repository/org/apache/pdfbox/fontbox/2.0.8/fontbox-2.0.8.jar:/Users/jeyba01/.m2/repository/org/apache/pdfbox/xmpbox/2.0.8/xmpbox-2.0.8.jar:/Users/jeyba01/.m2/repository/de/rototor/pdfbox/graphics2d/0.12/graphics2d-0.12.jar:/Users/jeyba01/.m2/repository/com/openhtmltopdf/openhtmltopdf-rtl-support/0.0.1-RC13/openhtmltopdf-rtl-support-0.0.1-RC13.jar:/Users/jeyba01/.m2/repository/com/ibm/icu/icu4j/59.1/icu4j-59.1.jar:/Users/jeyba01/.m2/repository/com/openhtmltopdf/openhtmltopdf-jsoup-dom-converter/0.0.1-RC13/openhtmltopdf-jsoup-dom-converter-0.0.1-RC13.jar:/Users/jeyba01/.m2/repository/com/vladsch/flexmark/flexmark-profile-pegdown/0.34.30/flexmark-profile-pegdown-0.34.30.jar:/Users/jeyba01/.m2/repository/com/vladsch/flexmark/flexmark-util/0.34.30/flexmark-util-0.34.30.jar:/Users/jeyba01/.m2/repository/com/vladsch/flexmark/flexmark-youtrack-converter/0.34.30/flexmark-youtrack-converter-0.34.30.jar:/Users/jeyba01/.m2/repository/net/serenity-bdd/serenity-spring/2.0.40/serenity-spring-2.0.40.jar:/Users/jeyba01/.m2/repository/org/springframework/spring-context/5.0.10.RELEASE/spring-context-5.0.10.RELEASE.jar:/Users/jeyba01/.m2/repository/org/springframework/spring-aop/5.0.10.RELEASE/spring-aop-5.0.10.RELEASE.jar:/Users/jeyba01/.m2/repository/org/springframework/spring-beans/5.0.10.RELEASE/spring-beans-5.0.10.RELEASE.jar:/Users/jeyba01/.m2/repository/org/springframework/spring-expression/5.0.10.RELEASE/spring-expression-5.0.10.RELEASE.jar:/Users/jeyba01/.m2/repository/org/springframework/spring-context-support/5.0.10.RELEASE/spring-context-support-5.0.10.RELEASE.jar:/Users/jeyba01/.m2/repository/net/serenity-bdd/serenity-junit/2.0.40/serenity-junit-2.0.40.jar:/Users/jeyba01/.m2/repository/net/serenity-bdd/serenity-cucumber/1.9.31/serenity-cucumber-1.9.31.jar:/Users/jeyba01/.m2/repository/net/serenity-bdd/serenity-screenplay/2.0.40/serenity-screenplay-2.0.40.jar:/Users/jeyba01/.m2/repository/uk/com/robust-it/cloning/1.9.10/cloning-1.9.10.jar:/Users/jeyba01/.m2/repository/net/serenity-bdd/serenity-screenplay-webdriver/2.0.40/serenity-screenplay-webdriver-2.0.40.jar:/Users/jeyba01/.m2/repository/io/cucumber/cucumber-java/2.4.0/cucumber-java-2.4.0.jar:/Users/jeyba01/.m2/repository/io/cucumber/cucumber-junit/2.4.0/cucumber-junit-2.4.0.jar:/Users/jeyba01/.m2/repository/org/apache/commons/commons-csv/1.5/commons-csv-1.5.jar:/Users/jeyba01/.m2/repository/net/serenity-bdd/serenity-reports/2.0.40/serenity-reports-2.0.40.jar:/Users/jeyba01/.m2/repository/net/serenity-bdd/serenity-stats/2.0.40/serenity-stats-2.0.40.jar:/Users/jeyba01/.m2/repository/org/jetbrains/kotlin/kotlin-stdlib/1.2.51/kotlin-stdlib-1.2.51.jar:/Users/jeyba01/.m2/repository/org/jetbrains/kotlin/kotlin-stdlib-common/1.2.51/kotlin-stdlib-common-1.2.51.jar:/Users/jeyba01/.m2/repository/org/jetbrains/annotations/13.0/annotations-13.0.jar:/Users/jeyba01/.m2/repository/junit/junit/4.12/junit-4.12.jar:/Users/jeyba01/.m2/repository/org/assertj/assertj-core/3.9.1/assertj-core-3.9.1.jar:/Users/jeyba01/.m2/repository/org/hamcrest/hamcrest-all/1.3/hamcrest-all-1.3.jar:/Users/jeyba01/.m2/repository/com/google/guava/guava/27.0.1-jre/guava-27.0.1-jre.jar:/Users/jeyba01/.m2/repository/com/google/guava/failureaccess/1.0.1/failureaccess-1.0.1.jar:/Users/jeyba01/.m2/repository/com/google/guava/listenablefuture/9999.0-empty-to-avoid-conflict-with-guava/listenablefuture-9999.0-empty-to-avoid-conflict-with-guava.jar:/Users/jeyba01/.m2/repository/com/google/code/findbugs/jsr305/3.0.2/jsr305-3.0.2.jar:/Users/jeyba01/.m2/repository/org/checkerframework/checker-qual/2.5.2/checker-qual-2.5.2.jar:/Users/jeyba01/.m2/repository/com/google/errorprone/error_prone_annotations/2.2.0/error_prone_annotations-2.2.0.jar:/Users/jeyba01/.m2/repository/com/google/j2objc/j2objc-annotations/1.1/j2objc-annotations-1.1.jar:/Users/jeyba01/.m2/repository/org/codehaus/mojo/animal-sniffer-annotations/1.17/animal-sniffer-annotations-1.17.jar:/Users/jeyba01/.m2/repository/org/seleniumhq/selenium/selenium-java/3.141.59/selenium-java-3.141.59.jar:/Users/jeyba01/.m2/repository/org/seleniumhq/selenium/selenium-ie-driver/3.141.59/selenium-ie-driver-3.141.59.jar:/Users/jeyba01/.m2/repository/org/apache/commons/commons-exec/1.3/commons-exec-1.3.jar:/Users/jeyba01/.m2/repository/com/squareup/okhttp3/okhttp/3.11.0/okhttp-3.11.0.jar:/Users/jeyba01/.m2/repository/com/squareup/okio/okio/1.14.0/okio-1.14.0.jar:/Users/jeyba01/.m2/repository/org/seleniumhq/selenium/selenium-remote-driver/3.141.59/selenium-remote-driver-3.141.59.jar:/Users/jeyba01/.m2/repository/org/seleniumhq/selenium/selenium-firefox-driver/3.141.59/selenium-firefox-driver-3.141.59.jar:/Users/jeyba01/.m2/repository/org/seleniumhq/selenium/selenium-chrome-driver/3.141.59/selenium-chrome-driver-3.141.59.jar:/Users/jeyba01/.m2/repository/org/seleniumhq/selenium/selenium-support/3.141.59/selenium-support-3.141.59.jar:/Users/jeyba01/.m2/repository/org/seleniumhq/selenium/selenium-api/3.141.59/selenium-api-3.141.59.jar:/Users/jeyba01/.m2/repository/com/rallydev/rest/rally-rest-api/2.2.1/rally-rest-api-2.2.1.jar:/Users/jeyba01/.m2/repository/org/apache/httpcomponents/httpcore/4.2.4/httpcore-4.2.4.jar:/Users/jeyba01/.m2/repository/org/apache/httpcomponents/httpclient/4.2.5/httpclient-4.2.5.jar:/Users/jeyba01/.m2/repository/commons-logging/commons-logging/1.1.1/commons-logging-1.1.1.jar:/Users/jeyba01/.m2/repository/commons-codec/commons-codec/1.6/commons-codec-1.6.jar:/Users/jeyba01/.m2/repository/com/google/code/gson/gson/2.2.4/gson-2.2.4.jar:"/>
    <property name="java.vm.vendor" value="Oracle Corporation"/>
    <property name="sun.arch.data.model" value="64"/>
    <property name="sun.font.fontmanager" value="sun.font.CFontManager"/>
    <property name="java.vendor.url" value="http://java.oracle.com/"/>
    <property name="user.timezone" value="America/Toronto"/>
    <property name="java.vm.specification.version" value="1.8"/>
    <property name="os.name" value="Mac OS X"/>
    <property name="user.country" value="US"/>
    <property name="sun.java.launcher" value="SUN_STANDARD"/>
    <property name="sun.boot.library.path" value="/Library/Java/JavaVirtualMachines/jdk1.8.0_201.jdk/Contents/Home/jre/lib"/>
    <property name="sun.java.command" value="/Users/jeyba01/Documents/Badhree/SpringSuite/Serenity-Cucumber-Runner/target/surefire/surefirebooter5849939807303984714.jar /Users/jeyba01/Documents/Badhree/SpringSuite/Serenity-Cucumber-Runner/target/surefire 2019-07-05T19-36-54_774-jvmRun1 surefire675238552754340101tmp surefire_07155474732617251548tmp"/>
    <property name="http.nonProxyHosts" value="local|*.local|169.254/16|*.169.254/16"/>
    <property name="surefire.test.class.path" value="/Users/jeyba01/Documents/Badhree/SpringSuite/Serenity-Cucumber-Runner/target/test-classes:/Users/jeyba01/Documents/Badhree/SpringSuite/Serenity-Cucumber-Runner/target/classes:/Users/jeyba01/.m2/repository/org/springframework/boot/spring-boot-starter-actuator/2.0.6.RELEASE/spring-boot-starter-actuator-2.0.6.RELEASE.jar:/Users/jeyba01/.m2/repository/org/springframework/boot/spring-boot-starter/2.0.6.RELEASE/spring-boot-starter-2.0.6.RELEASE.jar:/Users/jeyba01/.m2/repository/org/springframework/boot/spring-boot/2.0.6.RELEASE/spring-boot-2.0.6.RELEASE.jar:/Users/jeyba01/.m2/repository/org/springframework/boot/spring-boot-autoconfigure/2.0.6.RELEASE/spring-boot-autoconfigure-2.0.6.RELEASE.jar:/Users/jeyba01/.m2/repository/org/springframework/boot/spring-boot-starter-logging/2.0.6.RELEASE/spring-boot-starter-logging-2.0.6.RELEASE.jar:/Users/jeyba01/.m2/repository/ch/qos/logback/logback-classic/1.2.3/logback-classic-1.2.3.jar:/Users/jeyba01/.m2/repository/ch/qos/logback/logback-core/1.2.3/logback-core-1.2.3.jar:/Users/jeyba01/.m2/repository/org/apache/logging/log4j/log4j-to-slf4j/2.10.0/log4j-to-slf4j-2.10.0.jar:/Users/jeyba01/.m2/repository/org/apache/logging/log4j/log4j-api/2.10.0/log4j-api-2.10.0.jar:/Users/jeyba01/.m2/repository/org/slf4j/jul-to-slf4j/1.7.25/jul-to-slf4j-1.7.25.jar:/Users/jeyba01/.m2/repository/javax/annotation/javax.annotation-api/1.3.2/javax.annotation-api-1.3.2.jar:/Users/jeyba01/.m2/repository/org/yaml/snakeyaml/1.19/snakeyaml-1.19.jar:/Users/jeyba01/.m2/repository/org/springframework/boot/spring-boot-actuator-autoconfigure/2.0.6.RELEASE/spring-boot-actuator-autoconfigure-2.0.6.RELEASE.jar:/Users/jeyba01/.m2/repository/org/springframework/boot/spring-boot-actuator/2.0.6.RELEASE/spring-boot-actuator-2.0.6.RELEASE.jar:/Users/jeyba01/.m2/repository/com/fasterxml/jackson/core/jackson-databind/2.9.7/jackson-databind-2.9.7.jar:/Users/jeyba01/.m2/repository/com/fasterxml/jackson/core/jackson-annotations/2.9.0/jackson-annotations-2.9.0.jar:/Users/jeyba01/.m2/repository/com/fasterxml/jackson/core/jackson-core/2.9.7/jackson-core-2.9.7.jar:/Users/jeyba01/.m2/repository/com/fasterxml/jackson/datatype/jackson-datatype-jsr310/2.9.7/jackson-datatype-jsr310-2.9.7.jar:/Users/jeyba01/.m2/repository/io/micrometer/micrometer-core/1.0.7/micrometer-core-1.0.7.jar:/Users/jeyba01/.m2/repository/org/hdrhistogram/HdrHistogram/2.1.10/HdrHistogram-2.1.10.jar:/Users/jeyba01/.m2/repository/org/latencyutils/LatencyUtils/2.0.3/LatencyUtils-2.0.3.jar:/Users/jeyba01/.m2/repository/org/springframework/boot/spring-boot-starter-test/2.0.6.RELEASE/spring-boot-starter-test-2.0.6.RELEASE.jar:/Users/jeyba01/.m2/repository/org/springframework/boot/spring-boot-test/2.0.6.RELEASE/spring-boot-test-2.0.6.RELEASE.jar:/Users/jeyba01/.m2/repository/org/springframework/boot/spring-boot-test-autoconfigure/2.0.6.RELEASE/spring-boot-test-autoconfigure-2.0.6.RELEASE.jar:/Users/jeyba01/.m2/repository/com/jayway/jsonpath/json-path/2.4.0/json-path-2.4.0.jar:/Users/jeyba01/.m2/repository/net/minidev/json-smart/2.3/json-smart-2.3.jar:/Users/jeyba01/.m2/repository/net/minidev/accessors-smart/1.2/accessors-smart-1.2.jar:/Users/jeyba01/.m2/repository/org/mockito/mockito-core/2.15.0/mockito-core-2.15.0.jar:/Users/jeyba01/.m2/repository/org/hamcrest/hamcrest-core/1.3/hamcrest-core-1.3.jar:/Users/jeyba01/.m2/repository/org/hamcrest/hamcrest-library/1.3/hamcrest-library-1.3.jar:/Users/jeyba01/.m2/repository/org/skyscreamer/jsonassert/1.5.0/jsonassert-1.5.0.jar:/Users/jeyba01/.m2/repository/com/vaadin/external/google/android-json/0.0.20131108.vaadin1/android-json-0.0.20131108.vaadin1.jar:/Users/jeyba01/.m2/repository/org/springframework/spring-core/5.0.10.RELEASE/spring-core-5.0.10.RELEASE.jar:/Users/jeyba01/.m2/repository/org/springframework/spring-jcl/5.0.10.RELEASE/spring-jcl-5.0.10.RELEASE.jar:/Users/jeyba01/.m2/repository/org/springframework/spring-test/5.0.10.RELEASE/spring-test-5.0.10.RELEASE.jar:/Users/jeyba01/.m2/repository/org/xmlunit/xmlunit-core/2.5.1/xmlunit-core-2.5.1.jar:/Users/jeyba01/.m2/repository/net/serenity-bdd/serenity-core/2.0.40/serenity-core-2.0.40.jar:/Users/jeyba01/.m2/repository/net/bytebuddy/byte-buddy/1.7.11/byte-buddy-1.7.11.jar:/Users/jeyba01/.m2/repository/net/bytebuddy/byte-buddy-agent/1.7.11/byte-buddy-agent-1.7.11.jar:/Users/jeyba01/.m2/repository/com/google/inject/guice/4.2.2/guice-4.2.2.jar:/Users/jeyba01/.m2/repository/javax/inject/javax.inject/1/javax.inject-1.jar:/Users/jeyba01/.m2/repository/aopalliance/aopalliance/1.0/aopalliance-1.0.jar:/Users/jeyba01/.m2/repository/cglib/cglib/3.2.5/cglib-3.2.5.jar:/Users/jeyba01/.m2/repository/org/ow2/asm/asm/5.0.3/asm-5.0.3.jar:/Users/jeyba01/.m2/repository/org/objenesis/objenesis/2.6/objenesis-2.6.jar:/Users/jeyba01/.m2/repository/org/slf4j/slf4j-api/1.7.25/slf4j-api-1.7.25.jar:/Users/jeyba01/.m2/repository/xml-apis/xml-apis/1.4.01/xml-apis-1.4.01.jar:/Users/jeyba01/.m2/repository/io/cucumber/cucumber-core/2.4.0/cucumber-core-2.4.0.jar:/Users/jeyba01/.m2/repository/info/cukes/cucumber-html/0.2.6/cucumber-html-0.2.6.jar:/Users/jeyba01/.m2/repository/io/cucumber/cucumber-jvm-deps/1.0.6/cucumber-jvm-deps-1.0.6.jar:/Users/jeyba01/.m2/repository/io/cucumber/gherkin/5.0.0/gherkin-5.0.0.jar:/Users/jeyba01/.m2/repository/io/cucumber/tag-expressions/1.1.1/tag-expressions-1.1.1.jar:/Users/jeyba01/.m2/repository/io/vavr/vavr/0.9.0/vavr-0.9.0.jar:/Users/jeyba01/.m2/repository/io/vavr/vavr-match/0.9.0/vavr-match-0.9.0.jar:/Users/jeyba01/.m2/repository/javax/xml/bind/jaxb-api/2.3.1/jaxb-api-2.3.1.jar:/Users/jeyba01/.m2/repository/javax/activation/javax.activation-api/1.2.0/javax.activation-api-1.2.0.jar:/Users/jeyba01/.m2/repository/com/sun/xml/bind/jaxb-core/2.3.0.1/jaxb-core-2.3.0.1.jar:/Users/jeyba01/.m2/repository/com/sun/xml/bind/jaxb-impl/2.3.0.1/jaxb-impl-2.3.0.1.jar:/Users/jeyba01/.m2/repository/javax/activation/activation/1.1.1/activation-1.1.1.jar:/Users/jeyba01/.m2/repository/net/serenity-bdd/serenity-report-resources/2.0.40/serenity-report-resources-2.0.40.jar:/Users/jeyba01/.m2/repository/net/serenity-bdd/serenity-model/2.0.40/serenity-model-2.0.40.jar:/Users/jeyba01/.m2/repository/commons-net/commons-net/3.6/commons-net-3.6.jar:/Users/jeyba01/.m2/repository/org/apache/commons/commons-text/1.6/commons-text-1.6.jar:/Users/jeyba01/.m2/repository/commons-io/commons-io/2.6/commons-io-2.6.jar:/Users/jeyba01/.m2/repository/org/seleniumhq/selenium/selenium-server/3.141.59/selenium-server-3.141.59.jar:/Users/jeyba01/.m2/repository/com/beust/jcommander/1.72/jcommander-1.72.jar:/Users/jeyba01/.m2/repository/net/jcip/jcip-annotations/1.0/jcip-annotations-1.0.jar:/Users/jeyba01/.m2/repository/org/seleniumhq/selenium/jetty-repacked/9.4.12.v20180830/jetty-repacked-9.4.12.v20180830.jar:/Users/jeyba01/.m2/repository/javax/servlet/javax.servlet-api/3.1.0/javax.servlet-api-3.1.0.jar:/Users/jeyba01/.m2/repository/org/seleniumhq/selenium/selenium-edge-driver/3.141.59/selenium-edge-driver-3.141.59.jar:/Users/jeyba01/.m2/repository/org/seleniumhq/selenium/selenium-safari-driver/3.141.59/selenium-safari-driver-3.141.59.jar:/Users/jeyba01/.m2/repository/org/seleniumhq/selenium/selenium-opera-driver/3.141.59/selenium-opera-driver-3.141.59.jar:/Users/jeyba01/.m2/repository/com/paulhammant/ngwebdriver/1.1.4/ngwebdriver-1.1.4.jar:/Users/jeyba01/.m2/repository/com/codeborne/phantomjsdriver/1.4.4/phantomjsdriver-1.4.4.jar:/Users/jeyba01/.m2/repository/org/eclipse/jetty/jetty-util/9.4.12.v20180830/jetty-util-9.4.12.v20180830.jar:/Users/jeyba01/.m2/repository/org/eclipse/jetty/jetty-io/9.4.12.v20180830/jetty-io-9.4.12.v20180830.jar:/Users/jeyba01/.m2/repository/org/seleniumhq/selenium/htmlunit-driver/2.29.3/htmlunit-driver-2.29.3.jar:/Users/jeyba01/.m2/repository/io/appium/java-client/6.1.0/java-client-6.1.0.jar:/Users/jeyba01/.m2/repository/commons-validator/commons-validator/1.6/commons-validator-1.6.jar:/Users/jeyba01/.m2/repository/commons-beanutils/commons-beanutils/1.9.2/commons-beanutils-1.9.2.jar:/Users/jeyba01/.m2/repository/commons-digester/commons-digester/1.8.1/commons-digester-1.8.1.jar:/Users/jeyba01/.m2/repository/org/aspectj/aspectjweaver/1.8.13/aspectjweaver-1.8.13.jar:/Users/jeyba01/.m2/repository/org/openpnp/opencv/3.2.0-1/opencv-3.2.0-1.jar:/Users/jeyba01/.m2/repository/org/glassfish/tyrus/tyrus-core/1.13.1/tyrus-core-1.13.1.jar:/Users/jeyba01/.m2/repository/org/glassfish/tyrus/tyrus-spi/1.13.1/tyrus-spi-1.13.1.jar:/Users/jeyba01/.m2/repository/javax/websocket/javax.websocket-api/1.1/javax.websocket-api-1.1.jar:/Users/jeyba01/.m2/repository/org/codehaus/groovy/groovy/2.4.15/groovy-2.4.15.jar:/Users/jeyba01/.m2/repository/net/sf/opencsv/opencsv/2.0/opencsv-2.0.jar:/Users/jeyba01/.m2/repository/commons-beanutils/commons-beanutils-core/1.8.3/commons-beanutils-core-1.8.3.jar:/Users/jeyba01/.m2/repository/joda-time/joda-time/2.9.9/joda-time-2.9.9.jar:/Users/jeyba01/.m2/repository/com/thoughtworks/xstream/xstream/1.4.9/xstream-1.4.9.jar:/Users/jeyba01/.m2/repository/xmlpull/xmlpull/1.1.3.1/xmlpull-1.1.3.1.jar:/Users/jeyba01/.m2/repository/xpp3/xpp3_min/1.1.4c/xpp3_min-1.1.4c.jar:/Users/jeyba01/.m2/repository/org/apache/commons/commons-lang3/3.7/commons-lang3-3.7.jar:/Users/jeyba01/.m2/repository/commons-collections/commons-collections/3.2.2/commons-collections-3.2.2.jar:/Users/jeyba01/.m2/repository/org/freemarker/freemarker/2.3.28/freemarker-2.3.28.jar:/Users/jeyba01/.m2/repository/net/sourceforge/jexcelapi/jxl/2.6.12/jxl-2.6.12.jar:/Users/jeyba01/.m2/repository/net/sourceforge/htmlunit/htmlunit/2.29/htmlunit-2.29.jar:/Users/jeyba01/.m2/repository/net/sourceforge/htmlunit/htmlunit-core-js/2.28/htmlunit-core-js-2.28.jar:/Users/jeyba01/.m2/repository/net/sourceforge/htmlunit/neko-htmlunit/2.28/neko-htmlunit-2.28.jar:/Users/jeyba01/.m2/repository/xerces/xercesImpl/2.11.0/xercesImpl-2.11.0.jar:/Users/jeyba01/.m2/repository/net/sourceforge/cssparser/cssparser/0.9.24/cssparser-0.9.24.jar:/Users/jeyba01/.m2/repository/org/w3c/css/sac/1.3/sac-1.3.jar:/Users/jeyba01/.m2/repository/org/eclipse/jetty/websocket/websocket-client/9.4.12.v20180830/websocket-client-9.4.12.v20180830.jar:/Users/jeyba01/.m2/repository/org/eclipse/jetty/jetty-client/9.4.12.v20180830/jetty-client-9.4.12.v20180830.jar:/Users/jeyba01/.m2/repository/org/eclipse/jetty/jetty-http/9.4.12.v20180830/jetty-http-9.4.12.v20180830.jar:/Users/jeyba01/.m2/repository/org/eclipse/jetty/jetty-xml/9.4.12.v20180830/jetty-xml-9.4.12.v20180830.jar:/Users/jeyba01/.m2/repository/org/eclipse/jetty/websocket/websocket-common/9.4.12.v20180830/websocket-common-9.4.12.v20180830.jar:/Users/jeyba01/.m2/repository/org/eclipse/jetty/websocket/websocket-api/9.4.12.v20180830/websocket-api-9.4.12.v20180830.jar:/Users/jeyba01/.m2/repository/org/apache/httpcomponents/httpmime/4.5.6/httpmime-4.5.6.jar:/Users/jeyba01/.m2/repository/org/fluentlenium/fluentlenium-core/0.10.2/fluentlenium-core-0.10.2.jar:/Users/jeyba01/.m2/repository/com/jhlabs/filters/2.0.235/filters-2.0.235.jar:/Users/jeyba01/.m2/repository/org/asciidoctor/asciidoctorj/1.5.6/asciidoctorj-1.5.6.jar:/Users/jeyba01/.m2/repository/org/jruby/jruby-complete/1.7.26/jruby-complete-1.7.26.jar:/Users/jeyba01/.m2/repository/org/imgscalr/imgscalr-lib/4.2/imgscalr-lib-4.2.jar:/Users/jeyba01/.m2/repository/javax/el/javax.el-api/2.2.4/javax.el-api-2.2.4.jar:/Users/jeyba01/.m2/repository/org/glassfish/web/javax.el/2.2.4/javax.el-2.2.4.jar:/Users/jeyba01/.m2/repository/xalan/xalan/2.7.2/xalan-2.7.2.jar:/Users/jeyba01/.m2/repository/xalan/serializer/2.7.2/serializer-2.7.2.jar:/Users/jeyba01/.m2/repository/org/awaitility/awaitility/3.1.0/awaitility-3.1.0.jar:/Users/jeyba01/.m2/repository/com/typesafe/config/1.3.1/config-1.3.1.jar:/Users/jeyba01/.m2/repository/org/jsoup/jsoup/1.10.3/jsoup-1.10.3.jar:/Users/jeyba01/.m2/repository/com/google/jimfs/jimfs/1.1/jimfs-1.1.jar:/Users/jeyba01/.m2/repository/es/nitaur/markdown/txtmark/0.16/txtmark-0.16.jar:/Users/jeyba01/.m2/repository/com/vladsch/flexmark/flexmark-all/0.34.30/flexmark-all-0.34.30.jar:/Users/jeyba01/.m2/repository/com/vladsch/flexmark/flexmark/0.34.30/flexmark-0.34.30.jar:/Users/jeyba01/.m2/repository/com/vladsch/flexmark/flexmark-ext-abbreviation/0.34.30/flexmark-ext-abbreviation-0.34.30.jar:/Users/jeyba01/.m2/repository/com/vladsch/flexmark/flexmark-ext-admonition/0.34.30/flexmark-ext-admonition-0.34.30.jar:/Users/jeyba01/.m2/repository/com/vladsch/flexmark/flexmark-ext-anchorlink/0.34.30/flexmark-ext-anchorlink-0.34.30.jar:/Users/jeyba01/.m2/repository/com/vladsch/flexmark/flexmark-ext-aside/0.34.30/flexmark-ext-aside-0.34.30.jar:/Users/jeyba01/.m2/repository/com/vladsch/flexmark/flexmark-ext-attributes/0.34.30/flexmark-ext-attributes-0.34.30.jar:/Users/jeyba01/.m2/repository/com/vladsch/flexmark/flexmark-ext-autolink/0.34.30/flexmark-ext-autolink-0.34.30.jar:/Users/jeyba01/.m2/repository/org/nibor/autolink/autolink/0.6.0/autolink-0.6.0.jar:/Users/jeyba01/.m2/repository/com/vladsch/flexmark/flexmark-ext-definition/0.34.30/flexmark-ext-definition-0.34.30.jar:/Users/jeyba01/.m2/repository/com/vladsch/flexmark/flexmark-ext-emoji/0.34.30/flexmark-ext-emoji-0.34.30.jar:/Users/jeyba01/.m2/repository/com/vladsch/flexmark/flexmark-ext-enumerated-reference/0.34.30/flexmark-ext-enumerated-reference-0.34.30.jar:/Users/jeyba01/.m2/repository/com/vladsch/flexmark/flexmark-ext-escaped-character/0.34.30/flexmark-ext-escaped-character-0.34.30.jar:/Users/jeyba01/.m2/repository/com/vladsch/flexmark/flexmark-ext-footnotes/0.34.30/flexmark-ext-footnotes-0.34.30.jar:/Users/jeyba01/.m2/repository/com/vladsch/flexmark/flexmark-ext-gfm-issues/0.34.30/flexmark-ext-gfm-issues-0.34.30.jar:/Users/jeyba01/.m2/repository/com/vladsch/flexmark/flexmark-ext-gfm-strikethrough/0.34.30/flexmark-ext-gfm-strikethrough-0.34.30.jar:/Users/jeyba01/.m2/repository/com/vladsch/flexmark/flexmark-ext-gfm-tables/0.34.30/flexmark-ext-gfm-tables-0.34.30.jar:/Users/jeyba01/.m2/repository/com/vladsch/flexmark/flexmark-ext-gfm-tasklist/0.34.30/flexmark-ext-gfm-tasklist-0.34.30.jar:/Users/jeyba01/.m2/repository/com/vladsch/flexmark/flexmark-ext-gfm-users/0.34.30/flexmark-ext-gfm-users-0.34.30.jar:/Users/jeyba01/.m2/repository/com/vladsch/flexmark/flexmark-ext-gitlab/0.34.30/flexmark-ext-gitlab-0.34.30.jar:/Users/jeyba01/.m2/repository/com/vladsch/flexmark/flexmark-ext-jekyll-front-matter/0.34.30/flexmark-ext-jekyll-front-matter-0.34.30.jar:/Users/jeyba01/.m2/repository/com/vladsch/flexmark/flexmark-ext-jekyll-tag/0.34.30/flexmark-ext-jekyll-tag-0.34.30.jar:/Users/jeyba01/.m2/repository/com/vladsch/flexmark/flexmark-ext-media-tags/0.34.30/flexmark-ext-media-tags-0.34.30.jar:/Users/jeyba01/.m2/repository/com/vladsch/flexmark/flexmark-test-util/0.34.30/flexmark-test-util-0.34.30.jar:/Users/jeyba01/.m2/repository/com/vladsch/flexmark/flexmark-ext-ins/0.34.30/flexmark-ext-ins-0.34.30.jar:/Users/jeyba01/.m2/repository/com/vladsch/flexmark/flexmark-ext-xwiki-macros/0.34.30/flexmark-ext-xwiki-macros-0.34.30.jar:/Users/jeyba01/.m2/repository/com/vladsch/flexmark/flexmark-ext-superscript/0.34.30/flexmark-ext-superscript-0.34.30.jar:/Users/jeyba01/.m2/repository/com/vladsch/flexmark/flexmark-ext-tables/0.34.30/flexmark-ext-tables-0.34.30.jar:/Users/jeyba01/.m2/repository/com/vladsch/flexmark/flexmark-ext-toc/0.34.30/flexmark-ext-toc-0.34.30.jar:/Users/jeyba01/.m2/repository/com/vladsch/flexmark/flexmark-ext-typographic/0.34.30/flexmark-ext-typographic-0.34.30.jar:/Users/jeyba01/.m2/repository/com/vladsch/flexmark/flexmark-ext-wikilink/0.34.30/flexmark-ext-wikilink-0.34.30.jar:/Users/jeyba01/.m2/repository/com/vladsch/flexmark/flexmark-ext-yaml-front-matter/0.34.30/flexmark-ext-yaml-front-matter-0.34.30.jar:/Users/jeyba01/.m2/repository/com/vladsch/flexmark/flexmark-ext-youtube-embedded/0.34.30/flexmark-ext-youtube-embedded-0.34.30.jar:/Users/jeyba01/.m2/repository/com/vladsch/flexmark/flexmark-formatter/0.34.30/flexmark-formatter-0.34.30.jar:/Users/jeyba01/.m2/repository/com/vladsch/flexmark/flexmark-html-parser/0.34.30/flexmark-html-parser-0.34.30.jar:/Users/jeyba01/.m2/repository/com/vladsch/flexmark/flexmark-jira-converter/0.34.30/flexmark-jira-converter-0.34.30.jar:/Users/jeyba01/.m2/repository/com/vladsch/flexmark/flexmark-pdf-converter/0.34.30/flexmark-pdf-converter-0.34.30.jar:/Users/jeyba01/.m2/repository/com/openhtmltopdf/openhtmltopdf-core/0.0.1-RC13/openhtmltopdf-core-0.0.1-RC13.jar:/Users/jeyba01/.m2/repository/com/openhtmltopdf/openhtmltopdf-pdfbox/0.0.1-RC13/openhtmltopdf-pdfbox-0.0.1-RC13.jar:/Users/jeyba01/.m2/repository/org/apache/pdfbox/pdfbox/2.0.8/pdfbox-2.0.8.jar:/Users/jeyba01/.m2/repository/org/apache/pdfbox/fontbox/2.0.8/fontbox-2.0.8.jar:/Users/jeyba01/.m2/repository/org/apache/pdfbox/xmpbox/2.0.8/xmpbox-2.0.8.jar:/Users/jeyba01/.m2/repository/de/rototor/pdfbox/graphics2d/0.12/graphics2d-0.12.jar:/Users/jeyba01/.m2/repository/com/openhtmltopdf/openhtmltopdf-rtl-support/0.0.1-RC13/openhtmltopdf-rtl-support-0.0.1-RC13.jar:/Users/jeyba01/.m2/repository/com/ibm/icu/icu4j/59.1/icu4j-59.1.jar:/Users/jeyba01/.m2/repository/com/openhtmltopdf/openhtmltopdf-jsoup-dom-converter/0.0.1-RC13/openhtmltopdf-jsoup-dom-converter-0.0.1-RC13.jar:/Users/jeyba01/.m2/repository/com/vladsch/flexmark/flexmark-profile-pegdown/0.34.30/flexmark-profile-pegdown-0.34.30.jar:/Users/jeyba01/.m2/repository/com/vladsch/flexmark/flexmark-util/0.34.30/flexmark-util-0.34.30.jar:/Users/jeyba01/.m2/repository/com/vladsch/flexmark/flexmark-youtrack-converter/0.34.30/flexmark-youtrack-converter-0.34.30.jar:/Users/jeyba01/.m2/repository/net/serenity-bdd/serenity-spring/2.0.40/serenity-spring-2.0.40.jar:/Users/jeyba01/.m2/repository/org/springframework/spring-context/5.0.10.RELEASE/spring-context-5.0.10.RELEASE.jar:/Users/jeyba01/.m2/repository/org/springframework/spring-aop/5.0.10.RELEASE/spring-aop-5.0.10.RELEASE.jar:/Users/jeyba01/.m2/repository/org/springframework/spring-beans/5.0.10.RELEASE/spring-beans-5.0.10.RELEASE.jar:/Users/jeyba01/.m2/repository/org/springframework/spring-expression/5.0.10.RELEASE/spring-expression-5.0.10.RELEASE.jar:/Users/jeyba01/.m2/repository/org/springframework/spring-context-support/5.0.10.RELEASE/spring-context-support-5.0.10.RELEASE.jar:/Users/jeyba01/.m2/repository/net/serenity-bdd/serenity-junit/2.0.40/serenity-junit-2.0.40.jar:/Users/jeyba01/.m2/repository/net/serenity-bdd/serenity-cucumber/1.9.31/serenity-cucumber-1.9.31.jar:/Users/jeyba01/.m2/repository/net/serenity-bdd/serenity-screenplay/2.0.40/serenity-screenplay-2.0.40.jar:/Users/jeyba01/.m2/repository/uk/com/robust-it/cloning/1.9.10/cloning-1.9.10.jar:/Users/jeyba01/.m2/repository/net/serenity-bdd/serenity-screenplay-webdriver/2.0.40/serenity-screenplay-webdriver-2.0.40.jar:/Users/jeyba01/.m2/repository/io/cucumber/cucumber-java/2.4.0/cucumber-java-2.4.0.jar:/Users/jeyba01/.m2/repository/io/cucumber/cucumber-junit/2.4.0/cucumber-junit-2.4.0.jar:/Users/jeyba01/.m2/repository/org/apache/commons/commons-csv/1.5/commons-csv-1.5.jar:/Users/jeyba01/.m2/repository/net/serenity-bdd/serenity-reports/2.0.40/serenity-reports-2.0.40.jar:/Users/jeyba01/.m2/repository/net/serenity-bdd/serenity-stats/2.0.40/serenity-stats-2.0.40.jar:/Users/jeyba01/.m2/repository/org/jetbrains/kotlin/kotlin-stdlib/1.2.51/kotlin-stdlib-1.2.51.jar:/Users/jeyba01/.m2/repository/org/jetbrains/kotlin/kotlin-stdlib-common/1.2.51/kotlin-stdlib-common-1.2.51.jar:/Users/jeyba01/.m2/repository/org/jetbrains/annotations/13.0/annotations-13.0.jar:/Users/jeyba01/.m2/repository/junit/junit/4.12/junit-4.12.jar:/Users/jeyba01/.m2/repository/org/assertj/assertj-core/3.9.1/assertj-core-3.9.1.jar:/Users/jeyba01/.m2/repository/org/hamcrest/hamcrest-all/1.3/hamcrest-all-1.3.jar:/Users/jeyba01/.m2/repository/com/google/guava/guava/27.0.1-jre/guava-27.0.1-jre.jar:/Users/jeyba01/.m2/repository/com/google/guava/failureaccess/1.0.1/failureaccess-1.0.1.jar:/Users/jeyba01/.m2/repository/com/google/guava/listenablefuture/9999.0-empty-to-avoid-conflict-with-guava/listenablefuture-9999.0-empty-to-avoid-conflict-with-guava.jar:/Users/jeyba01/.m2/repository/com/google/code/findbugs/jsr305/3.0.2/jsr305-3.0.2.jar:/Users/jeyba01/.m2/repository/org/checkerframework/checker-qual/2.5.2/checker-qual-2.5.2.jar:/Users/jeyba01/.m2/repository/com/google/errorprone/error_prone_annotations/2.2.0/error_prone_annotations-2.2.0.jar:/Users/jeyba01/.m2/repository/com/google/j2objc/j2objc-annotations/1.1/j2objc-annotations-1.1.jar:/Users/jeyba01/.m2/repository/org/codehaus/mojo/animal-sniffer-annotations/1.17/animal-sniffer-annotations-1.17.jar:/Users/jeyba01/.m2/repository/org/seleniumhq/selenium/selenium-java/3.141.59/selenium-java-3.141.59.jar:/Users/jeyba01/.m2/repository/org/seleniumhq/selenium/selenium-ie-driver/3.141.59/selenium-ie-driver-3.141.59.jar:/Users/jeyba01/.m2/repository/org/apache/commons/commons-exec/1.3/commons-exec-1.3.jar:/Users/jeyba01/.m2/repository/com/squareup/okhttp3/okhttp/3.11.0/okhttp-3.11.0.jar:/Users/jeyba01/.m2/repository/com/squareup/okio/okio/1.14.0/okio-1.14.0.jar:/Users/jeyba01/.m2/repository/org/seleniumhq/selenium/selenium-remote-driver/3.141.59/selenium-remote-driver-3.141.59.jar:/Users/jeyba01/.m2/repository/org/seleniumhq/selenium/selenium-firefox-driver/3.141.59/selenium-firefox-driver-3.141.59.jar:/Users/jeyba01/.m2/repository/org/seleniumhq/selenium/selenium-chrome-driver/3.141.59/selenium-chrome-driver-3.141.59.jar:/Users/jeyba01/.m2/repository/org/seleniumhq/selenium/selenium-support/3.141.59/selenium-support-3.141.59.jar:/Users/jeyba01/.m2/repository/org/seleniumhq/selenium/selenium-api/3.141.59/selenium-api-3.141.59.jar:/Users/jeyba01/.m2/repository/com/rallydev/rest/rally-rest-api/2.2.1/rally-rest-api-2.2.1.jar:/Users/jeyba01/.m2/repository/org/apache/httpcomponents/httpcore/4.2.4/httpcore-4.2.4.jar:/Users/jeyba01/.m2/repository/org/apache/httpcomponents/httpclient/4.2.5/httpclient-4.2.5.jar:/Users/jeyba01/.m2/repository/commons-logging/commons-logging/1.1.1/commons-logging-1.1.1.jar:/Users/jeyba01/.m2/repository/commons-codec/commons-codec/1.6/commons-codec-1.6.jar:/Users/jeyba01/.m2/repository/com/google/code/gson/gson/2.2.4/gson-2.2.4.jar:"/>
    <property name="sun.cpu.endian" value="little"/>
    <property name="user.home" value="/Users/jeyba01"/>
    <property name="user.language" value="en"/>
    <property name="java.specification.vendor" value="Oracle Corporation"/>
    <property name="java.home" value="/Library/Java/JavaVirtualMachines/jdk1.8.0_201.jdk/Contents/Home/jre"/>
    <property name="basedir" value="/Users/jeyba01/Documents/Badhree/SpringSuite/Serenity-Cucumber-Runner"/>
    <property name="file.separator" value="/"/>
    <property name="line.separator" value="&#10;"/>
    <property name="java.vm.specification.vendor" value="Oracle Corporation"/>
    <property name="java.specification.name" value="Java Platform API Specification"/>
    <property name="java.awt.graphicsenv" value="sun.awt.CGraphicsEnvironment"/>
    <property name="surefire.real.class.path" value="/Users/jeyba01/Documents/Badhree/SpringSuite/Serenity-Cucumber-Runner/target/surefire/surefirebooter5849939807303984714.jar"/>
    <property name="sun.boot.class.path" value="/Library/Java/JavaVirtualMachines/jdk1.8.0_201.jdk/Contents/Home/jre/lib/resources.jar:/Library/Java/JavaVirtualMachines/jdk1.8.0_201.jdk/Contents/Home/jre/lib/rt.jar:/Library/Java/JavaVirtualMachines/jdk1.8.0_201.jdk/Contents/Home/jre/lib/sunrsasign.jar:/Library/Java/JavaVirtualMachines/jdk1.8.0_201.jdk/Contents/Home/jre/lib/jsse.jar:/Library/Java/JavaVirtualMachines/jdk1.8.0_201.jdk/Contents/Home/jre/lib/jce.jar:/Library/Java/JavaVirtualMachines/jdk1.8.0_201.jdk/Contents/Home/jre/lib/charsets.jar:/Library/Java/JavaVirtualMachines/jdk1.8.0_201.jdk/Contents/Home/jre/lib/jfr.jar:/Library/Java/JavaVirtualMachines/jdk1.8.0_201.jdk/Contents/Home/jre/classes"/>
    <property name="java.protocol.handler.pkgs" value="com.google.common"/>
    <property name="sun.management.compiler" value="HotSpot 64-Bit Tiered Compilers"/>
    <property name="ftp.nonProxyHosts" value="local|*.local|169.254/16|*.169.254/16"/>
    <property name="java.runtime.version" value="1.8.0_201-b09"/>
    <property name="user.name" value="jeyba01"/>
    <property name="path.separator" value=":"/>
    <property name="os.version" value="10.14.4"/>
    <property name="java.endorsed.dirs" value="/Library/Java/JavaVirtualMachines/jdk1.8.0_201.jdk/Contents/Home/jre/lib/endorsed"/>
    <property name="java.runtime.name" value="Java(TM) SE Runtime Environment"/>
    <property name="file.encoding" value="UTF-8"/>
    <property name="webdriver.base.url" value="http://ec2-54-169-26-252.ap-southeast-1.compute.amazonaws.com:8080"/>
    <property name="java.vm.name" value="Java HotSpot(TM) 64-Bit Server VM"/>
    <property name="localRepository" value="/Users/jeyba01/.m2/repository"/>
    <property name="java.vendor.url.bug" value="http://bugreport.sun.com/bugreport/"/>
    <property name="java.io.tmpdir" value="/var/folders/tz/0s48p9k51w7dryw_3j12wm7r0000gn/T/"/>
    <property name="java.version" value="1.8.0_201"/>
    <property name="user.dir" value="/Users/jeyba01/Documents/Badhree/SpringSuite/Serenity-Cucumber-Runner"/>
    <property name="os.arch" value="x86_64"/>
    <property name="webdriver.gecko.driver" value="/Users/jeyba01/Documents/Badhree/SpringSuite/Serenity-Cucumber-Runner/src/test/resources/webdriver/mac/geckodriver"/>
    <property name="java.vm.specification.name" value="Java Virtual Machine Specification"/>
    <property name="java.awt.printerjob" value="sun.lwawt.macosx.CPrinterJob"/>
    <property name="sun.os.patch.level" value="unknown"/>
    <property name="java.library.path" value="/Users/jeyba01/Library/Java/Extensions:/Library/Java/Extensions:/Network/Library/Java/Extensions:/System/Library/Java/Extensions:/usr/lib/java:."/>
    <property name="java.vm.info" value="mixed mode"/>
    <property name="java.vendor" value="Oracle Corporation"/>
    <property name="java.vm.version" value="25.201-b09"/>
    <property name="java.rmi.server.randomIDs" value="true"/>
    <property name="java.ext.dirs" value="/Users/jeyba01/Library/Java/Extensions:/Library/Java/JavaVirtualMachines/jdk1.8.0_201.jdk/Contents/Home/jre/lib/ext:/Library/Java/Extensions:/Network/Library/Java/Extensions:/System/Library/Java/Extensions:/usr/lib/java"/>
    <property name="sun.io.unicode.encoding" value="UnicodeBig"/>
    <property name="java.class.version" value="52.0"/>
    <property name="socksNonProxyHosts" value="local|*.local|169.254/16|*.169.254/16"/>
  </properties>
  <testcase name="Login user with valid username, invalid password" classname="Login User" time="16.178">
    <failure type="java.lang.AssertionError">java.lang.AssertionError
</failure>
    <system-out><![CDATA[19:36:56.158 [main] DEBUG net.thucydides.core.util.PropertiesFileLocalPreferences - LOADING LOCAL PROPERTIES FROM /Users/jeyba01/Documents/Badhree/SpringSuite/Serenity-Cucumber-Runner/serenity.properties 
19:36:56.162 [main] DEBUG net.thucydides.core.util.PropertiesFileLocalPreferences - LOADING LOCAL PROPERTIES FROM /Users/jeyba01/Documents/Badhree/SpringSuite/Serenity-Cucumber-Runner/serenity.properties 
19:36:56.162 [main] DEBUG net.thucydides.core.util.PropertiesFileLocalPreferences - LOADING LOCAL PROPERTIES FROM /Users/jeyba01/Documents/Badhree/SpringSuite/Serenity-Cucumber-Runner/serenity.properties 
19:36:56.174 [main] DEBUG net.thucydides.core.util.PropertiesFileLocalPreferences - drivers.mac.webdriver.driver=firefox
19:36:56.174 [main] DEBUG net.thucydides.core.util.PropertiesFileLocalPreferences - drivers.windows.webdriver.chrome.driver=src/test/resources/webdriver/windows/chromedriver.exe
19:36:56.174 [main] DEBUG net.thucydides.core.util.PropertiesFileLocalPreferences - drivers.linux.webdriver.gecko.driver=src/test/resources/webdriver/linux/geckodriver
19:36:56.175 [main] DEBUG net.thucydides.core.util.PropertiesFileLocalPreferences - drivers.linux.webdriver.chrome.driver=src/test/resources/webdriver/linux/chromedriver
19:36:56.175 [main] DEBUG net.thucydides.core.util.PropertiesFileLocalPreferences - chrome.switches=--homepage=about:blank,--no-first-run,--no-sandbox
19:36:56.175 [main] DEBUG net.thucydides.core.util.PropertiesFileLocalPreferences - drivers.mac.webdriver.gecko.driver=src/test/resources/webdriver/mac/geckodriver
19:36:56.175 [main] DEBUG net.thucydides.core.util.PropertiesFileLocalPreferences - drivers.windows.webdriver.gecko.driver=src/test/resources/webdriver/windows/geckodriver.exe
19:36:56.175 [main] DEBUG net.thucydides.core.util.PropertiesFileLocalPreferences - serenity.project.name=Serinity Cucumber Test Runner
19:36:56.175 [main] DEBUG net.thucydides.core.util.PropertiesFileLocalPreferences - drivers.mac.webdriver.chrome.driver=src/test/resources/webdriver/mac/chromedriver
19:36:56.175 [main] DEBUG net.thucydides.core.util.PropertiesFileLocalPreferences - drivers.linux.webdriver.driver=firefox
19:36:56.175 [main] DEBUG net.thucydides.core.util.PropertiesFileLocalPreferences - drivers.windows.webdriver.driver=chrome
19:36:56.451 [main] DEBUG net.thucydides.core.util.PropertiesFileLocalPreferences - LOADING LOCAL PROPERTIES FROM /Users/jeyba01/Documents/Badhree/SpringSuite/Serenity-Cucumber-Runner/serenity.properties 
19:36:56.452 [main] DEBUG net.thucydides.core.util.PropertiesFileLocalPreferences - LOADING LOCAL PROPERTIES FROM /Users/jeyba01/Documents/Badhree/SpringSuite/Serenity-Cucumber-Runner/serenity.properties 
19:36:56.452 [main] DEBUG net.thucydides.core.util.PropertiesFileLocalPreferences - LOADING LOCAL PROPERTIES FROM /Users/jeyba01/Documents/Badhree/SpringSuite/Serenity-Cucumber-Runner/serenity.properties 
19:36:56.457 [main] DEBUG net.thucydides.core.util.PropertiesFileLocalPreferences - drivers.mac.webdriver.driver=firefox
19:36:56.457 [main] DEBUG net.thucydides.core.util.PropertiesFileLocalPreferences - drivers.windows.webdriver.chrome.driver=src/test/resources/webdriver/windows/chromedriver.exe
19:36:56.457 [main] DEBUG net.thucydides.core.util.PropertiesFileLocalPreferences - drivers.linux.webdriver.gecko.driver=src/test/resources/webdriver/linux/geckodriver
19:36:56.457 [main] DEBUG net.thucydides.core.util.PropertiesFileLocalPreferences - drivers.linux.webdriver.chrome.driver=src/test/resources/webdriver/linux/chromedriver
19:36:56.457 [main] DEBUG net.thucydides.core.util.PropertiesFileLocalPreferences - chrome.switches=--homepage=about:blank,--no-first-run,--no-sandbox
19:36:56.457 [main] DEBUG net.thucydides.core.util.PropertiesFileLocalPreferences - drivers.mac.webdriver.gecko.driver=src/test/resources/webdriver/mac/geckodriver
19:36:56.457 [main] DEBUG net.thucydides.core.util.PropertiesFileLocalPreferences - drivers.windows.webdriver.gecko.driver=src/test/resources/webdriver/windows/geckodriver.exe
19:36:56.457 [main] DEBUG net.thucydides.core.util.PropertiesFileLocalPreferences - serenity.project.name=Serinity Cucumber Test Runner
19:36:56.457 [main] DEBUG net.thucydides.core.util.PropertiesFileLocalPreferences - drivers.mac.webdriver.chrome.driver=src/test/resources/webdriver/mac/chromedriver
19:36:56.457 [main] DEBUG net.thucydides.core.util.PropertiesFileLocalPreferences - drivers.linux.webdriver.driver=firefox
19:36:56.458 [main] DEBUG net.thucydides.core.util.PropertiesFileLocalPreferences - drivers.windows.webdriver.driver=chrome
19:36:56.465 [main] INFO net.thucydides.core.steps.ConsoleLoggingListener - 

-------------------------------------------------------------------------------------
     _______. _______ .______       _______ .__   __.  __  .___________.____    ____ 
    /       ||   ____||   _  \     |   ____||  \ |  | |  | |           |\   \  /   / 
   |   (----`|  |__   |  |_)  |    |  |__   |   \|  | |  | `---|  |----` \   \/   /  
    \   \    |   __|  |      /     |   __|  |  . `  | |  |     |  |       \_    _/   
.----)   |   |  |____ |  |\  \----.|  |____ |  |\   | |  |     |  |         |  |     
|_______/    |_______|| _| `._____||_______||__| \__| |__|     |__|         |__|    
                                                                                     
 News and tutorials at http://www.serenity-bdd.info                                  
 Documentation at https://wakaleo.gitbooks.io/the-serenity-book/content/             
 Join the Serenity Community on Rocket Chat at https://serenity-bdd.rocket.chat      
 Serenity BDD Support and Training at http://serenity-bdd.info/#/trainingandsupport  
 Learn Serenity BDD online at http://serenity-dojo.com                               
-------------------------------------------------------------------------------------

19:36:56.469 [main] DEBUG net.thucydides.core.steps.StepEventBus - Test suite started for story net.thucydides.core.model.Story@95c4c0ad
19:36:56.473 [main] DEBUG net.thucydides.core.steps.StepEventBus - Registering custom listener io.demo.testrunner.test.outcome.RallyUpdater@51fadaff
19:36:56.474 [main] INFO net.thucydides.core.steps.ConsoleLoggingListener - Test Suite Started: Login User
19:36:56.626 [pool-1-thread-1] INFO net.thucydides.core.steps.ConsoleLoggingListener - 
 _____ _____ ____ _____   ____ _____  _    ____ _____ _____ ____  
|_   _| ____/ ___|_   _| / ___|_   _|/ \  |  _ \_   _| ____|  _ \ 
  | | |  _| \___ \ | |   \___ \ | | / _ \ | |_) || | |  _| | | | |
  | | | |___ ___) || |    ___) || |/ ___ \|  _ < | | | |___| |_| |
  |_| |_____|____/ |_|   |____/ |_/_/   \_\_| \_\|_| |_____|____/ 
                                                                  

TEST STARTED: Login user with valid username, invalid password
-------------------------------------------------------------------(login-user;login-user-with-valid-username--invalid-password)
19:36:56.658 [pool-1-thread-1] DEBUG net.thucydides.core.requirements.RootDirectory - Resource directories found in  in 17 ms: [src/test/resources]
19:36:56.669 [pool-1-thread-1] DEBUG net.thucydides.core.requirements.RootDirectory - Resource directories found in /Users/jeyba01/Documents/Badhree/SpringSuite/Serenity-Cucumber-Runner in 5 ms: [/Users/jeyba01/Documents/Badhree/SpringSuite/Serenity-Cucumber-Runner/src/test/resources]
19:36:56.691 [pool-1-thread-1] DEBUG net.thucydides.core.requirements.model.cucumber.CucumberParser - Found no Cucumber 4.x.x class cucumber.runtime.model.FeatureLoader try Cucumber 2.x.x 
Feature: Login User
  As a registered user
  I want to authenticate into the application
  so I can manage my accounts

  @RALLYLINK_https://rally1.rallydev.com/#/270352442800/detail/testcase/319110427184
  Scenario: Login user with valid username, invalid password            &amp#27;[90m# features/Login User.feature:10&amp#27;[0m
19:37:12.889 [pool-1-thread-1] INFO net.thucydides.core.steps.ConsoleLoggingListener - 
 _____ _____ ____ _____   ____ _____  _    ____ _____ _____ ____  
|_   _| ____/ ___|_   _| / ___|_   _|/ \  |  _ \_   _| ____|  _ \ 
  | | |  _| \___ \ | |   \___ \ | | / _ \ | |_) || | |  _| | | | |
  | | | |___ ___) || |    ___) || |/ ___ \|  _ < | | | |___| |_| |
  |_| |_____|____/ |_|   |____/ |_/_/   \_\_| \_\|_| |_____|____/ 
                                                                  

TEST STARTED: Login user with valid username, empty password
-------------------------------------------------------------------(login-user;login-user-with-valid-username--empty-password)

  @RALLYLINK_https://rally1.rallydev.com/#/270352442800/detail/testcase/319110427852
  Scenario: Login user with valid username, empty password              &amp#27;[90m# features/Login User.feature:20&amp#27;[0m
19:37:21.269 [Finalizer] DEBUG org.apache.http.impl.conn.DefaultClientConnection - Connection 0.0.0.0:54849<->104.16.59.21:443 closed
19:37:27.712 [pool-1-thread-1] DEBUG net.thucydides.core.reports.ReportService - Reporting formats: [JSON, HTML]
19:37:27.716 [pool-1-thread-1] DEBUG net.thucydides.core.reports.ReportService - Found reporter: net.thucydides.core.reports.xml.XMLTestOutcomeReporter@13b064a8(format = Optional[XML])
19:37:27.716 [pool-1-thread-1] DEBUG net.thucydides.core.reports.ReportService - Found reporter: net.thucydides.core.reports.json.JSONTestOutcomeReporter@1dac13e(format = Optional[JSON])
19:37:27.716 [pool-1-thread-1] DEBUG net.thucydides.core.reports.ReportService - Registering reporter: net.thucydides.core.reports.json.JSONTestOutcomeReporter@1dac13e
19:37:27.818 [pool-1-thread-1] DEBUG net.thucydides.core.reports.ReportService - Found reporter: net.thucydides.core.reports.html.HtmlAcceptanceTestReporter@5976b62a(format = Optional[HTML])
19:37:27.818 [pool-1-thread-1] DEBUG net.thucydides.core.reports.ReportService - Registering reporter: net.thucydides.core.reports.html.HtmlAcceptanceTestReporter@5976b62a
19:37:27.818 [pool-1-thread-1] DEBUG net.thucydides.core.reports.ReportService - Reporting formats: [JSON, HTML]
19:37:27.831 [pool-1-thread-1] DEBUG net.thucydides.core.reports.ReportService - Generating reports for 2 test outcomes using: net.thucydides.core.reports.json.JSONTestOutcomeReporter@1dac13e
19:37:27.832 [pool-1-thread-1] DEBUG net.thucydides.core.reports.junit.JUnitXMLOutcomeReporter - GENERATING JUNIT REPORTS
19:37:27.832 [pool-1-thread-1] DEBUG net.thucydides.core.reports.ReportService - Processing test outcome Login User:Login user with valid username, invalid password
19:37:27.832 [pool-1-thread-1] DEBUG net.thucydides.core.reports.ReportService - net.thucydides.core.reports.json.JSONTestOutcomeReporter@1dac13e: Generating report for test outcome: Login User:Login user with valid username, invalid password
19:37:27.832 [pool-1-thread-2] DEBUG net.thucydides.core.reports.ReportService - Processing test outcome Login User:Login user with valid username, empty password
19:37:27.832 [pool-1-thread-2] DEBUG net.thucydides.core.reports.ReportService - net.thucydides.core.reports.json.JSONTestOutcomeReporter@1dac13e: Generating report for test outcome: Login User:Login user with valid username, empty password
19:37:27.835 [pool-1-thread-1] DEBUG net.thucydides.core.reports.json.JSONTestOutcomeReporter - Generating JSON report for Login user with valid username, invalid password to file /Users/jeyba01/Documents/Badhree/SpringSuite/Serenity-Cucumber-Runner/target/site/serenity/9f61ca6c601a6a0b8385f2f301f8ea0f7d8a9a56f2a169b5dc0c4a071ebf70d0.json (using temp file /Users/jeyba01/Documents/Badhree/SpringSuite/Serenity-Cucumber-Runner/target/site/serenity/9f61ca6c601a6a0b8385f2f301f8ea0f7d8a9a56f2a169b5dc0c4a071ebf70d0.jsonfc0d5e0f-65f4-47ca-95e4-cf8e105f3b49)
19:37:27.835 [pool-1-thread-2] DEBUG net.thucydides.core.reports.json.JSONTestOutcomeReporter - Generating JSON report for Login user with valid username, empty password to file /Users/jeyba01/Documents/Badhree/SpringSuite/Serenity-Cucumber-Runner/target/site/serenity/154a782358ecc7953e331795804a58d0d569122eda344ca2719e80aec3b6b9e6.json (using temp file /Users/jeyba01/Documents/Badhree/SpringSuite/Serenity-Cucumber-Runner/target/site/serenity/154a782358ecc7953e331795804a58d0d569122eda344ca2719e80aec3b6b9e6.json034e27d6-6724-46e7-bc04-fa6bf40f5b0a)
19:37:27.886 [pool-1-thread-2] DEBUG net.thucydides.core.reports.ReportService - Processing test outcome Login User:Login user with valid username, empty password done
19:37:27.886 [pool-1-thread-1] DEBUG net.thucydides.core.reports.ReportService - Processing test outcome Login User:Login user with valid username, invalid password done
19:37:28.014 [pool-1-thread-1] DEBUG net.thucydides.core.reports.ReportService - Shutting down executor service
19:37:28.014 [pool-1-thread-1] DEBUG net.thucydides.core.reports.ReportService - Reports generated in: 183 ms
19:37:28.014 [pool-1-thread-1] DEBUG net.thucydides.core.reports.ReportService - Generating reports for 2 test outcomes using: net.thucydides.core.reports.html.HtmlAcceptanceTestReporter@5976b62a
19:37:28.016 [pool-2-thread-1] DEBUG net.thucydides.core.reports.ReportService - Processing test outcome Login User:Login user with valid username, invalid password
19:37:28.016 [pool-2-thread-1] DEBUG net.thucydides.core.reports.ReportService - net.thucydides.core.reports.html.HtmlAcceptanceTestReporter@5976b62a: Generating report for test outcome: Login User:Login user with valid username, invalid password
19:37:28.017 [pool-1-thread-1] DEBUG net.thucydides.core.reports.junit.JUnitXMLOutcomeReporter - GENERATING JUNIT REPORTS
19:37:28.017 [pool-2-thread-1] DEBUG net.thucydides.core.reports.html.HtmlAcceptanceTestReporter - GENERATE TEST OUTCOME REPORT FOR Login user with valid username, invalid password in 9f61ca6c601a6a0b8385f2f301f8ea0f7d8a9a56f2a169b5dc0c4a071ebf70d0
19:37:28.017 [pool-2-thread-2] DEBUG net.thucydides.core.reports.ReportService - Processing test outcome Login User:Login user with valid username, empty password
19:37:28.018 [pool-2-thread-2] DEBUG net.thucydides.core.reports.ReportService - net.thucydides.core.reports.html.HtmlAcceptanceTestReporter@5976b62a: Generating report for test outcome: Login User:Login user with valid username, empty password
19:37:28.018 [pool-2-thread-2] DEBUG net.thucydides.core.reports.html.HtmlAcceptanceTestReporter - GENERATE TEST OUTCOME REPORT FOR Login user with valid username, empty password in 154a782358ecc7953e331795804a58d0d569122eda344ca2719e80aec3b6b9e6
19:37:28.038 [pool-2-thread-1] DEBUG net.thucydides.core.requirements.model.cucumber.CucumberParser - Found no Cucumber 4.x.x class cucumber.runtime.model.FeatureLoader try Cucumber 2.x.x 
19:37:28.038 [pool-2-thread-2] DEBUG net.thucydides.core.requirements.model.cucumber.CucumberParser - Found no Cucumber 4.x.x class cucumber.runtime.model.FeatureLoader try Cucumber 2.x.x 
19:37:28.041 [pool-2-thread-2] DEBUG net.thucydides.core.requirements.RequirementsTagProvider - Requirements found:[Requirement{name='Login User', type='feature' parent = 'null', cardNumber='null'}]
19:37:28.041 [pool-2-thread-1] DEBUG net.thucydides.core.requirements.RequirementsTagProvider - Requirements found:[Requirement{name='Login User', type='feature' parent = 'null', cardNumber='null'}]
19:37:28.047 [pool-2-thread-1] DEBUG net.thucydides.core.requirements.BaseRequirementsService - Requirement found for test outcome Login user with valid username, invalid password-[]: Optional[Requirement{name='Login User', type='feature' parent = 'null', cardNumber='null'}]
19:37:28.047 [pool-2-thread-2] DEBUG net.thucydides.core.requirements.BaseRequirementsService - Requirement found for test outcome Login user with valid username, empty password-[]: Optional[Requirement{name='Login User', type='feature' parent = 'null', cardNumber='null'}]
19:37:28.049 [pool-2-thread-2] DEBUG net.thucydides.core.requirements.BaseRequirementsService - Requirement found for test outcome Login user with valid username, empty password-[]: Optional[Requirement{name='Login User', type='feature' parent = 'null', cardNumber='null'}]
19:37:28.049 [pool-2-thread-1] DEBUG net.thucydides.core.requirements.BaseRequirementsService - Requirement found for test outcome Login user with valid username, invalid password-[]: Optional[Requirement{name='Login User', type='feature' parent = 'null', cardNumber='null'}]
19:37:28.370 [pool-2-thread-2] DEBUG net.thucydides.core.requirements.BaseRequirementsService - Requirement found for test outcome Login user with valid username, empty password-[]: Optional[Requirement{name='Login User', type='feature' parent = 'null', cardNumber='null'}]
19:37:28.370 [pool-2-thread-1] DEBUG net.thucydides.core.requirements.BaseRequirementsService - Requirement found for test outcome Login user with valid username, invalid password-[]: Optional[Requirement{name='Login User', type='feature' parent = 'null', cardNumber='null'}]
19:37:28.370 [pool-2-thread-2] DEBUG net.thucydides.core.requirements.BaseRequirementsService - Requirement found for test outcome Login user with valid username, empty password-[]: Optional[Requirement{name='Login User', type='feature' parent = 'null', cardNumber='null'}]
19:37:28.371 [pool-2-thread-1] DEBUG net.thucydides.core.requirements.BaseRequirementsService - Requirement found for test outcome Login user with valid username, invalid password-[]: Optional[Requirement{name='Login User', type='feature' parent = 'null', cardNumber='null'}]
19:37:28.447 [pool-2-thread-1] DEBUG net.thucydides.core.reports.html.HtmlAcceptanceTestReporter - Generating report in 9f61ca6c601a6a0b8385f2f301f8ea0f7d8a9a56f2a169b5dc0c4a071ebf70d0_screenshots.html
19:37:28.447 [pool-2-thread-2] DEBUG net.thucydides.core.reports.html.HtmlAcceptanceTestReporter - Generating report in 154a782358ecc7953e331795804a58d0d569122eda344ca2719e80aec3b6b9e6_screenshots.html
19:37:28.821 [pool-2-thread-2] DEBUG net.thucydides.core.reports.html.HtmlAcceptanceTestReporter - Generated report 154a782358ecc7953e331795804a58d0d569122eda344ca2719e80aec3b6b9e6_screenshots.html in 374 ms
19:37:28.821 [pool-2-thread-1] DEBUG net.thucydides.core.reports.html.HtmlAcceptanceTestReporter - Generated report 9f61ca6c601a6a0b8385f2f301f8ea0f7d8a9a56f2a169b5dc0c4a071ebf70d0_screenshots.html in 374 ms
19:37:28.824 [pool-2-thread-2] DEBUG net.thucydides.core.reports.html.HtmlAcceptanceTestReporter - GENERATING HTML REPORT FOR Login User:Login user with valid username, empty password in 154a782358ecc7953e331795804a58d0d569122eda344ca2719e80aec3b6b9e6.html in directory target/site/serenity  
19:37:28.824 [pool-2-thread-1] DEBUG net.thucydides.core.reports.html.HtmlAcceptanceTestReporter - GENERATING HTML REPORT FOR Login User:Login user with valid username, invalid password in 9f61ca6c601a6a0b8385f2f301f8ea0f7d8a9a56f2a169b5dc0c4a071ebf70d0.html in directory target/site/serenity  
19:37:30.019 [pool-2-thread-2] DEBUG net.thucydides.core.reports.html.HtmlAcceptanceTestReporter - Generating report in 154a782358ecc7953e331795804a58d0d569122eda344ca2719e80aec3b6b9e6.html
19:37:30.146 [pool-2-thread-2] DEBUG net.thucydides.core.reports.html.HtmlAcceptanceTestReporter - Generated report 154a782358ecc7953e331795804a58d0d569122eda344ca2719e80aec3b6b9e6.html in 127 ms
19:37:30.146 [pool-2-thread-2] DEBUG net.thucydides.core.reports.ReportService - Processing test outcome Login User:Login user with valid username, empty password done
19:37:30.201 [pool-2-thread-1] DEBUG net.thucydides.core.reports.html.HtmlAcceptanceTestReporter - Generating report in 9f61ca6c601a6a0b8385f2f301f8ea0f7d8a9a56f2a169b5dc0c4a071ebf70d0.html
19:37:30.267 [pool-2-thread-1] DEBUG net.thucydides.core.reports.html.HtmlAcceptanceTestReporter - Generated report 9f61ca6c601a6a0b8385f2f301f8ea0f7d8a9a56f2a169b5dc0c4a071ebf70d0.html in 66 ms
19:37:30.267 [pool-2-thread-1] DEBUG net.thucydides.core.reports.ReportService - Processing test outcome Login User:Login user with valid username, invalid password done
19:37:30.268 [pool-1-thread-1] DEBUG net.thucydides.core.reports.ReportService - Shutting down executor service
19:37:30.268 [pool-1-thread-1] DEBUG net.thucydides.core.reports.ReportService - Reports generated in: 2253 ms
19:37:30.268 [pool-1-thread-1] DEBUG net.serenitybdd.core.photography.Darkroom - Closing darkroom

&amp#27;[31mFailed scenarios:&amp#27;[0m
&amp#27;[31mfeatures/Login User.feature:10 &amp#27;[0m# Login user with valid username, invalid password
&amp#27;[31mfeatures/Login User.feature:20 &amp#27;[0m# Login user with valid username, empty password

2 Scenarios (&amp#27;[31m2 failed&amp#27;[0m)
12 Steps (&amp#27;[31m2 failed&amp#27;[0m, &amp#27;[32m10 passed&amp#27;[0m)
0m31.328s

java.lang.AssertionError
	at org.junit.Assert.fail(Assert.java:86)
	at org.junit.Assert.assertTrue(Assert.java:41)
	at org.junit.Assert.assertTrue(Assert.java:52)
	at io.demo.testrunner.test.steps.LoginSteps.redirectedToHomePage(LoginSteps.java:52)
	at io.demo.testrunner.test.steps.LoginSteps$$EnhancerByCGLIB$$f33d8cec.CGLIB$redirectedToHomePage$6(<generated>)
	at io.demo.testrunner.test.steps.LoginSteps$$EnhancerByCGLIB$$f33d8cec$$FastClassByCGLIB$$3038e315.invoke(<generated>)
	at net.sf.cglib.proxy.MethodProxy.invokeSuper(MethodProxy.java:228)
	at net.thucydides.core.steps.StepInterceptor.invokeMethod(StepInterceptor.java:478)
	at net.thucydides.core.steps.StepInterceptor.executeTestStepMethod(StepInterceptor.java:463)
	at net.thucydides.core.steps.StepInterceptor.runTestStep(StepInterceptor.java:438)
	at net.thucydides.core.steps.StepInterceptor.runOrSkipMethod(StepInterceptor.java:179)
	at net.thucydides.core.steps.StepInterceptor.testStepResult(StepInterceptor.java:166)
	at net.thucydides.core.steps.StepInterceptor.intercept(StepInterceptor.java:72)
	at io.demo.testrunner.test.steps.LoginSteps$$EnhancerByCGLIB$$f33d8cec.redirectedToHomePage(<generated>)
	at io.demo.testrunner.test.definition.LoginUserTests.redirectToHomePage(LoginUserTests.java:78)
	at .David verifies he or she is at the Home page(features/Login User.feature:16)

java.lang.AssertionError
	at org.junit.Assert.fail(Assert.java:86)
	at org.junit.Assert.assertTrue(Assert.java:41)
	at org.junit.Assert.assertTrue(Assert.java:52)
	at io.demo.testrunner.test.steps.LoginSteps.redirectedToHomePage(LoginSteps.java:52)
	at io.demo.testrunner.test.steps.LoginSteps$$EnhancerByCGLIB$$f33d8cec.CGLIB$redirectedToHomePage$6(<generated>)
	at io.demo.testrunner.test.steps.LoginSteps$$EnhancerByCGLIB$$f33d8cec$$FastClassByCGLIB$$3038e315.invoke(<generated>)
	at net.sf.cglib.proxy.MethodProxy.invokeSuper(MethodProxy.java:228)
	at net.thucydides.core.steps.StepInterceptor.invokeMethod(StepInterceptor.java:478)
	at net.thucydides.core.steps.StepInterceptor.executeTestStepMethod(StepInterceptor.java:463)
	at net.thucydides.core.steps.StepInterceptor.runTestStep(StepInterceptor.java:438)
	at net.thucydides.core.steps.StepInterceptor.runOrSkipMethod(StepInterceptor.java:179)
	at net.thucydides.core.steps.StepInterceptor.testStepResult(StepInterceptor.java:166)
	at net.thucydides.core.steps.StepInterceptor.intercept(StepInterceptor.java:72)
	at io.demo.testrunner.test.steps.LoginSteps$$EnhancerByCGLIB$$f33d8cec.redirectedToHomePage(<generated>)
	at io.demo.testrunner.test.definition.LoginUserTests.redirectToHomePage(LoginUserTests.java:78)
	at .David verifies he or she is at the Home page(features/Login User.feature:26)

    &amp#27;[32mGiven &amp#27;[0m&amp#27;[32m&amp#27;[0m&amp#27;[32m&amp#27;[1mDavid&amp#27;[0m&amp#27;[32m is a registered user&amp#27;[0m                                    &amp#27;[90m# LoginUserTests.registeredUser(String)&amp#27;[0m
19:36:57.071 [pool-1-thread-1] DEBUG net.thucydides.core.steps.StepInterceptor - STARTING STEP: LoginUserTests.userAtLoginPage - Open Browser and Navigate to Login Page
19:36:57.231 [pool-1-thread-1] DEBUG net.serenitybdd.core.webdriver.servicepools.GeckoServicePool - Creating new driver instance with capabilities: Capabilities {acceptInsecureCerts: true, browserName: firefox, firefox_profile: org.openqa.selenium.firefox..., headless: false, marionette: true, platform: ANY, version: }

19:37:05.782 [pool-1-thread-1] DEBUG net.serenitybdd.core.photography.Darkroom - Opening darkroom
19:37:05.783 [Darkroom Processing Line] DEBUG net.serenitybdd.core.photography.DarkroomProcessingLine - Darkroom processing line starting up
19:37:06.058 [pool-1-thread-1] DEBUG net.serenitybdd.core.photography.Darkroom - Send negative for processing for target/site/serenity/f6d9286b70afc63b7869204278e5c4e2a037205f9673eb5a813fa24a4a8395fc.png
19:37:06.058 [Darkroom Processing Line] DEBUG net.serenitybdd.core.photography.DarkroomProcessingLine - Processing screenshot image in /var/screenshots/screenshot-7612721937928349862
19:37:06.058 [Darkroom Processing Line] DEBUG net.serenitybdd.core.photography.DarkroomProcessingLine - Saving screenshot to target/site/serenity/f6d9286b70afc63b7869204278e5c4e2a037205f9673eb5a813fa24a4a8395fc.png
19:37:06.060 [pool-1-thread-1] DEBUG net.thucydides.core.steps.StepInterceptor - STEP DONE: Open Browser and Navigate to Login Page

    &amp#27;[32mWhen &amp#27;[0m&amp#27;[32m&amp#27;[0m&amp#27;[32m&amp#27;[1mDavid&amp#27;[0m&amp#27;[32m navigates to the Login page&amp#27;[0m                              &amp#27;[90m# LoginUserTests.userAtLoginPage(String)&amp#27;[0m


19:37:06.078 [pool-1-thread-1] DEBUG net.thucydides.core.steps.StepInterceptor - STARTING STEP: LoginUserTests.enterUserName - Enter Username '{0}' into the Username field

19:37:06.498 [pool-1-thread-1] DEBUG net.serenitybdd.core.photography.Darkroom - Send negative for processing for target/site/serenity/9f10c4c94e416fc2a49de6c003052b39b7edc9dc1a6f46e39480ce862bc154d3.png
19:37:06.499 [Darkroom Processing Line] DEBUG net.serenitybdd.core.photography.DarkroomProcessingLine - Processing screenshot image in /var/screenshots/screenshot-399770459344597359
19:37:06.500 [Darkroom Processing Line] DEBUG net.serenitybdd.core.photography.DarkroomProcessingLine - Saving screenshot to target/site/serenity/9f10c4c94e416fc2a49de6c003052b39b7edc9dc1a6f46e39480ce862bc154d3.png
19:37:06.500 [pool-1-thread-1] DEBUG net.thucydides.core.steps.StepInterceptor - STEP DONE: Enter Username '{0}' into the Username field

    &amp#27;[32mAnd &amp#27;[0m&amp#27;[32mhe or she enters '&amp#27;[0m&amp#27;[32m&amp#27;[1mdsmith@demo.io&amp#27;[0m&amp#27;[32m' into the login Username field&amp#27;[0m &amp#27;[90m# LoginUserTests.enterUserName(String)&amp#27;[0m


19:37:06.509 [pool-1-thread-1] DEBUG net.thucydides.core.steps.StepInterceptor - STARTING STEP: LoginUserTests.enterPassword - Enter Password '{0}' into the Password field

19:37:06.852 [pool-1-thread-1] DEBUG net.serenitybdd.core.photography.Darkroom - Send negative for processing for target/site/serenity/85c18b14005d56f543f21d1478eef347cc7739764aad49b967070021b85463eb.png
19:37:06.852 [Darkroom Processing Line] DEBUG net.serenitybdd.core.photography.DarkroomProcessingLine - Processing screenshot image in /var/screenshots/screenshot-5034120794531774595
19:37:06.852 [Darkroom Processing Line] DEBUG net.serenitybdd.core.photography.DarkroomProcessingLine - Saving screenshot to target/site/serenity/85c18b14005d56f543f21d1478eef347cc7739764aad49b967070021b85463eb.png
19:37:06.853 [pool-1-thread-1] DEBUG net.thucydides.core.steps.StepInterceptor - STEP DONE: Enter Password '{0}' into the Password field

    &amp#27;[32mAnd &amp#27;[0m&amp#27;[32mhe or she enters '&amp#27;[0m&amp#27;[32m&amp#27;[1msSXALkUSA97359&amp#27;[0m&amp#27;[32m' into the login Password field&amp#27;[0m &amp#27;[90m# LoginUserTests.enterPassword(String)&amp#27;[0m


19:37:06.861 [pool-1-thread-1] DEBUG net.thucydides.core.steps.StepInterceptor - STARTING STEP: LoginUserTests.clickSubmit - Click the Submit button

19:37:11.180 [pool-1-thread-1] DEBUG net.serenitybdd.core.photography.Darkroom - Send negative for processing for target/site/serenity/5e8e25e46e1b6a1625a90efa8c814bc0ab722125e1a73c21008029c860df3830.png
19:37:11.180 [Darkroom Processing Line] DEBUG net.serenitybdd.core.photography.DarkroomProcessingLine - Processing screenshot image in /var/screenshots/screenshot-3807666307585525668
19:37:11.180 [Darkroom Processing Line] DEBUG net.serenitybdd.core.photography.DarkroomProcessingLine - Saving screenshot to target/site/serenity/5e8e25e46e1b6a1625a90efa8c814bc0ab722125e1a73c21008029c860df3830.png
19:37:11.181 [pool-1-thread-1] DEBUG net.thucydides.core.steps.StepInterceptor - STEP DONE: Click the Submit button

    &amp#27;[32mAnd &amp#27;[0m&amp#27;[32mhe or she submits the login request&amp#27;[0m                             &amp#27;[90m# LoginUserTests.clickSubmit()&amp#27;[0m


19:37:11.187 [pool-1-thread-1] DEBUG net.thucydides.core.steps.StepInterceptor - STARTING STEP: LoginUserTests.redirectToHomePage - Authenticated User is expected to redirect the browser to the Home page

    &amp#27;[31mThen &amp#27;[0m&amp#27;[31m&amp#27;[0m&amp#27;[31m&amp#27;[1mDavid&amp#27;[0m&amp#27;[31m verifies he or she is at the Home page&amp#27;[0m                   &amp#27;[90m# LoginUserTests.redirectToHomePage(String)&amp#27;[0m
      &amp#27;[31mjava.lang.AssertionError
	at org.junit.Assert.fail(Assert.java:86)
	at org.junit.Assert.assertTrue(Assert.java:41)
	at org.junit.Assert.assertTrue(Assert.java:52)
	at io.demo.testrunner.test.steps.LoginSteps.redirectedToHomePage(LoginSteps.java:52)
	at io.demo.testrunner.test.steps.LoginSteps$$EnhancerByCGLIB$$f33d8cec.CGLIB$redirectedToHomePage$6(<generated>)
	at io.demo.testrunner.test.steps.LoginSteps$$EnhancerByCGLIB$$f33d8cec$$FastClassByCGLIB$$3038e315.invoke(<generated>)
	at net.sf.cglib.proxy.MethodProxy.invokeSuper(MethodProxy.java:228)
	at net.thucydides.core.steps.StepInterceptor.invokeMethod(StepInterceptor.java:478)
	at net.thucydides.core.steps.StepInterceptor.executeTestStepMethod(StepInterceptor.java:463)
	at net.thucydides.core.steps.StepInterceptor.runTestStep(StepInterceptor.java:438)
	at net.thucydides.core.steps.StepInterceptor.runOrSkipMethod(StepInterceptor.java:179)
	at net.thucydides.core.steps.StepInterceptor.testStepResult(StepInterceptor.java:166)
	at net.thucydides.core.steps.StepInterceptor.intercept(StepInterceptor.java:72)
	at io.demo.testrunner.test.steps.LoginSteps$$EnhancerByCGLIB$$f33d8cec.redirectedToHomePage(<generated>)
	at io.demo.testrunner.test.definition.LoginUserTests.redirectToHomePage(LoginUserTests.java:78)
	at .David verifies he or she is at the Home page(features/Login User.feature:16)
&amp#27;[0m
19:37:11.997 [pool-1-thread-1] ERROR net.thucydides.core.steps.ConsoleLoggingListener - 
           __  _____ _____ ____ _____   _____ _    ___ _     _____ ____  
  _       / / |_   _| ____/ ___|_   _| |  ___/ \  |_ _| |   | ____|  _ \ 
 (_)_____| |    | | |  _| \___ \ | |   | |_ / _ \  | || |   |  _| | | | |
  _|_____| |    | | | |___ ___) || |   |  _/ ___ \ | || |___| |___| |_| |
 (_)     | |    |_| |_____|____/ |_|   |_|/_/   \_\___|_____|_____|____/ 
          \_\                                                            

TEST FAILED: Login user with valid username, invalid password
--------------------------------------------------------------------------
19:37:12.000 [pool-1-thread-1] DEBUG net.thucydides.core.steps.ConsoleLoggingListener - RELATED ISSUES: 
19:37:12.128 [pool-1-thread-1] ERROR net.thucydides.core.steps.ConsoleLoggingListener - TEST FAILED AT STEP Authenticated User is expected to redirect the browser to the Home page
19:37:12.128 [pool-1-thread-1] ERROR net.thucydides.core.steps.ConsoleLoggingListener - 
19:37:12.314 [pool-1-thread-1] DEBUG org.apache.http.impl.conn.BasicClientConnectionManager - Get connection for route {s}->https://rally1.rallydev.com
19:37:12.334 [pool-1-thread-1] DEBUG org.apache.http.impl.conn.DefaultClientConnectionOperator - Connecting to rally1.rallydev.com:443
19:37:12.551 [pool-1-thread-1] DEBUG org.apache.http.client.protocol.RequestAddCookies - CookieSpec selected: best-match
19:37:12.567 [pool-1-thread-1] DEBUG org.apache.http.client.protocol.RequestAuthCache - Auth cache not set in the context
19:37:12.567 [pool-1-thread-1] DEBUG org.apache.http.client.protocol.RequestTargetAuthentication - Target auth state: UNCHALLENGED
19:37:12.568 [pool-1-thread-1] DEBUG org.apache.http.client.protocol.RequestProxyAuthentication - Proxy auth state: UNCHALLENGED
19:37:12.568 [pool-1-thread-1] DEBUG com.rallydev.rest.client.ApiKeyClient - Attempt 1 to execute request
19:37:12.569 [pool-1-thread-1] DEBUG org.apache.http.impl.conn.DefaultClientConnection - Sending request: POST /slm/webservice/v2.0/testcaseresult/create.js?fetch=true HTTP/1.1
19:37:12.569 [pool-1-thread-1] DEBUG org.apache.http.wire - >> "POST /slm/webservice/v2.0/testcaseresult/create.js?fetch=true HTTP/1.1[\r][\n]"
19:37:12.571 [pool-1-thread-1] DEBUG org.apache.http.wire - >> "zsessionid: _Pb9XbCHTJmpuwpfPooimjI93vxSkmfgPhVUzHHtpg[\r][\n]"
19:37:12.572 [pool-1-thread-1] DEBUG org.apache.http.wire - >> "X-RallyIntegrationName: Rally Rest API for Java[\r][\n]"
19:37:12.572 [pool-1-thread-1] DEBUG org.apache.http.wire - >> "X-RallyIntegrationVersion: 2.2.1[\r][\n]"
19:37:12.572 [pool-1-thread-1] DEBUG org.apache.http.wire - >> "X-RallyIntegrationLibrary: Rally Rest API for Java v2.2.1[\r][\n]"
19:37:12.572 [pool-1-thread-1] DEBUG org.apache.http.wire - >> "X-RallyIntegrationVendor: Rally Software, Inc.[\r][\n]"
19:37:12.572 [pool-1-thread-1] DEBUG org.apache.http.wire - >> "Accept-Encoding: gzip,deflate[\r][\n]"
19:37:12.572 [pool-1-thread-1] DEBUG org.apache.http.wire - >> "Content-Length: 185[\r][\n]"
19:37:12.572 [pool-1-thread-1] DEBUG org.apache.http.wire - >> "Content-Type: text/plain; charset=UTF-8[\r][\n]"
19:37:12.572 [pool-1-thread-1] DEBUG org.apache.http.wire - >> "Host: rally1.rallydev.com[\r][\n]"
19:37:12.572 [pool-1-thread-1] DEBUG org.apache.http.wire - >> "Connection: Keep-Alive[\r][\n]"
19:37:12.572 [pool-1-thread-1] DEBUG org.apache.http.wire - >> "User-Agent: Apache-HttpClient/4.2.5 (java 1.5)[\r][\n]"
19:37:12.572 [pool-1-thread-1] DEBUG org.apache.http.wire - >> "[\r][\n]"
19:37:12.573 [pool-1-thread-1] DEBUG org.apache.http.headers - >> POST /slm/webservice/v2.0/testcaseresult/create.js?fetch=true HTTP/1.1
19:37:12.573 [pool-1-thread-1] DEBUG org.apache.http.headers - >> zsessionid: _Pb9XbCHTJmpuwpfPooimjI93vxSkmfgPhVUzHHtpg
19:37:12.573 [pool-1-thread-1] DEBUG org.apache.http.headers - >> X-RallyIntegrationName: Rally Rest API for Java
19:37:12.573 [pool-1-thread-1] DEBUG org.apache.http.headers - >> X-RallyIntegrationVersion: 2.2.1
19:37:12.573 [pool-1-thread-1] DEBUG org.apache.http.headers - >> X-RallyIntegrationLibrary: Rally Rest API for Java v2.2.1
19:37:12.573 [pool-1-thread-1] DEBUG org.apache.http.headers - >> X-RallyIntegrationVendor: Rally Software, Inc.
19:37:12.573 [pool-1-thread-1] DEBUG org.apache.http.headers - >> Accept-Encoding: gzip,deflate
19:37:12.573 [pool-1-thread-1] DEBUG org.apache.http.headers - >> Content-Length: 185
19:37:12.573 [pool-1-thread-1] DEBUG org.apache.http.headers - >> Content-Type: text/plain; charset=UTF-8
19:37:12.573 [pool-1-thread-1] DEBUG org.apache.http.headers - >> Host: rally1.rallydev.com
19:37:12.573 [pool-1-thread-1] DEBUG org.apache.http.headers - >> Connection: Keep-Alive
19:37:12.573 [pool-1-thread-1] DEBUG org.apache.http.headers - >> User-Agent: Apache-HttpClient/4.2.5 (java 1.5)
19:37:12.573 [pool-1-thread-1] DEBUG org.apache.http.wire - >> "{"testcaseresult":{"Verdict":"Fail","Date":"2019-07-05T00:00:00.000Z","Notes":"Updated from Selenium Cucumber Runner","Build":"66","TestCase":"319110427184","Workspace":"270352430588"}}"
19:37:12.854 [pool-1-thread-1] DEBUG org.apache.http.wire - << "HTTP/1.1 200 OK[\r][\n]"
19:37:12.856 [pool-1-thread-1] DEBUG org.apache.http.wire - << "Date: Fri, 05 Jul 2019 23:37:12 GMT[\r][\n]"
19:37:12.856 [pool-1-thread-1] DEBUG org.apache.http.wire - << "Content-Type: application/json;  charset=utf-8[\r][\n]"
19:37:12.856 [pool-1-thread-1] DEBUG org.apache.http.wire - << "Content-Length: 756[\r][\n]"
19:37:12.856 [pool-1-thread-1] DEBUG org.apache.http.wire - << "Connection: keep-alive[\r][\n]"
19:37:12.856 [pool-1-thread-1] DEBUG org.apache.http.wire - << "Set-Cookie: __cfduid=d6647d0ea6be172bac537d24737afe5131562369832; expires=Sat, 04-Jul-20 23:37:12 GMT; path=/; domain=.rallydev.com; HttpOnly[\r][\n]"
19:37:12.856 [pool-1-thread-1] DEBUG org.apache.http.wire - << "Expires: Thu, 01 Jan 1970 00:00:00 GMT[\r][\n]"
19:37:12.857 [pool-1-thread-1] DEBUG org.apache.http.wire - << "X-XSS-Protection: 1; mode=block[\r][\n]"
19:37:12.857 [pool-1-thread-1] DEBUG org.apache.http.wire - << "RallyRequestID: qs-app-20iir9p7rz9vvdvirjc8hrota5.qs-app-206647544[\r][\n]"
19:37:12.857 [pool-1-thread-1] DEBUG org.apache.http.wire - << "Vary: Origin,Accept-Encoding[\r][\n]"
19:37:12.857 [pool-1-thread-1] DEBUG org.apache.http.wire - << "Set-Cookie: JSESSIONID=qs-app-20iir9p7rz9vvdvirjc8hrota5.qs-app-20;Path=/;Secure;HttpOnly[\r][\n]"
19:37:12.857 [pool-1-thread-1] DEBUG org.apache.http.wire - << "Content-Encoding: gzip[\r][\n]"
19:37:12.857 [pool-1-thread-1] DEBUG org.apache.http.wire - << "P3P: CP="NON DSP COR CURa PSAa PSDa OUR NOR BUS PUR COM NAV STA"[\r][\n]"
19:37:12.857 [pool-1-thread-1] DEBUG org.apache.http.wire - << "Cache-Control: private,max-age=0,must-revalidate[\r][\n]"
19:37:12.857 [pool-1-thread-1] DEBUG org.apache.http.wire - << "Strict-Transport-Security: max-age=31536000; includeSubDomains; preload;[\r][\n]"
19:37:12.857 [pool-1-thread-1] DEBUG org.apache.http.wire - << "set-cookie: SUBBUCKETID=508;Path=/;Domain=rally1.rallydev.com;Secure;HttpOnly[\r][\n]"
19:37:12.857 [pool-1-thread-1] DEBUG org.apache.http.wire - << "set-cookie: SUBSCRIPTIONID=87508;Path=/;Domain=rally1.rallydev.com;Secure;HttpOnly[\r][\n]"
19:37:12.857 [pool-1-thread-1] DEBUG org.apache.http.wire - << "set-cookie: SERVERID=14289435f527eb8a3384f7824ed97b6864863d9b; path=/[\r][\n]"
19:37:12.857 [pool-1-thread-1] DEBUG org.apache.http.wire - << "Accept-Ranges: bytes[\r][\n]"
19:37:12.857 [pool-1-thread-1] DEBUG org.apache.http.wire - << "Expect-CT: max-age=604800, report-uri="https://report-uri.cloudflare.com/cdn-cgi/beacon/expect-ct"[\r][\n]"
19:37:12.857 [pool-1-thread-1] DEBUG org.apache.http.wire - << "Server: cloudflare[\r][\n]"
19:37:12.858 [pool-1-thread-1] DEBUG org.apache.http.wire - << "CF-RAY: 4f1d2a5dccb5ba6a-ATL[\r][\n]"
19:37:12.858 [pool-1-thread-1] DEBUG org.apache.http.wire - << "[\r][\n]"
19:37:12.858 [pool-1-thread-1] DEBUG org.apache.http.impl.conn.DefaultClientConnection - Receiving response: HTTP/1.1 200 OK
19:37:12.858 [pool-1-thread-1] DEBUG org.apache.http.headers - << HTTP/1.1 200 OK
19:37:12.859 [pool-1-thread-1] DEBUG org.apache.http.headers - << Date: Fri, 05 Jul 2019 23:37:12 GMT
19:37:12.859 [pool-1-thread-1] DEBUG org.apache.http.headers - << Content-Type: application/json;  charset=utf-8
19:37:12.859 [pool-1-thread-1] DEBUG org.apache.http.headers - << Content-Length: 756
19:37:12.859 [pool-1-thread-1] DEBUG org.apache.http.headers - << Connection: keep-alive
19:37:12.859 [pool-1-thread-1] DEBUG org.apache.http.headers - << Set-Cookie: __cfduid=d6647d0ea6be172bac537d24737afe5131562369832; expires=Sat, 04-Jul-20 23:37:12 GMT; path=/; domain=.rallydev.com; HttpOnly
19:37:12.859 [pool-1-thread-1] DEBUG org.apache.http.headers - << Expires: Thu, 01 Jan 1970 00:00:00 GMT
19:37:12.859 [pool-1-thread-1] DEBUG org.apache.http.headers - << X-XSS-Protection: 1; mode=block
19:37:12.859 [pool-1-thread-1] DEBUG org.apache.http.headers - << RallyRequestID: qs-app-20iir9p7rz9vvdvirjc8hrota5.qs-app-206647544
19:37:12.859 [pool-1-thread-1] DEBUG org.apache.http.headers - << Vary: Origin,Accept-Encoding
19:37:12.859 [pool-1-thread-1] DEBUG org.apache.http.headers - << Set-Cookie: JSESSIONID=qs-app-20iir9p7rz9vvdvirjc8hrota5.qs-app-20;Path=/;Secure;HttpOnly
19:37:12.859 [pool-1-thread-1] DEBUG org.apache.http.headers - << Content-Encoding: gzip
19:37:12.859 [pool-1-thread-1] DEBUG org.apache.http.headers - << P3P: CP="NON DSP COR CURa PSAa PSDa OUR NOR BUS PUR COM NAV STA"
19:37:12.859 [pool-1-thread-1] DEBUG org.apache.http.headers - << Cache-Control: private,max-age=0,must-revalidate
19:37:12.859 [pool-1-thread-1] DEBUG org.apache.http.headers - << Strict-Transport-Security: max-age=31536000; includeSubDomains; preload;
19:37:12.859 [pool-1-thread-1] DEBUG org.apache.http.headers - << set-cookie: SUBBUCKETID=508;Path=/;Domain=rally1.rallydev.com;Secure;HttpOnly
19:37:12.859 [pool-1-thread-1] DEBUG org.apache.http.headers - << set-cookie: SUBSCRIPTIONID=87508;Path=/;Domain=rally1.rallydev.com;Secure;HttpOnly
19:37:12.859 [pool-1-thread-1] DEBUG org.apache.http.headers - << set-cookie: SERVERID=14289435f527eb8a3384f7824ed97b6864863d9b; path=/
19:37:12.859 [pool-1-thread-1] DEBUG org.apache.http.headers - << Accept-Ranges: bytes
19:37:12.859 [pool-1-thread-1] DEBUG org.apache.http.headers - << Expect-CT: max-age=604800, report-uri="https://report-uri.cloudflare.com/cdn-cgi/beacon/expect-ct"
19:37:12.859 [pool-1-thread-1] DEBUG org.apache.http.headers - << Server: cloudflare
19:37:12.859 [pool-1-thread-1] DEBUG org.apache.http.headers - << CF-RAY: 4f1d2a5dccb5ba6a-ATL
19:37:12.869 [pool-1-thread-1] DEBUG org.apache.http.client.protocol.ResponseProcessCookies - Cookie accepted: "[version: 0][name: __cfduid][value: d6647d0ea6be172bac537d24737afe5131562369832][domain: .rallydev.com][path: /][expiry: Sat Jul 04 19:37:12 EDT 2020]". 
19:37:12.869 [pool-1-thread-1] DEBUG org.apache.http.client.protocol.ResponseProcessCookies - Cookie accepted: "[version: 0][name: JSESSIONID][value: qs-app-20iir9p7rz9vvdvirjc8hrota5.qs-app-20][domain: rally1.rallydev.com][path: /][expiry: null]". 
19:37:12.869 [pool-1-thread-1] DEBUG org.apache.http.client.protocol.ResponseProcessCookies - Cookie accepted: "[version: 0][name: SUBBUCKETID][value: 508][domain: rally1.rallydev.com][path: /][expiry: null]". 
19:37:12.869 [pool-1-thread-1] DEBUG org.apache.http.client.protocol.ResponseProcessCookies - Cookie accepted: "[version: 0][name: SUBSCRIPTIONID][value: 87508][domain: rally1.rallydev.com][path: /][expiry: null]". 
19:37:12.869 [pool-1-thread-1] DEBUG org.apache.http.client.protocol.ResponseProcessCookies - Cookie accepted: "[version: 0][name: SERVERID][value: 14289435f527eb8a3384f7824ed97b6864863d9b][domain: rally1.rallydev.com][path: /][expiry: null]". 
19:37:12.871 [pool-1-thread-1] DEBUG com.rallydev.rest.client.ApiKeyClient - Connection can be kept alive indefinitely
19:37:12.876 [pool-1-thread-1] DEBUG org.apache.http.wire - << "[0x1f]"
19:37:12.876 [pool-1-thread-1] DEBUG org.apache.http.wire - << "[0x8b]"
19:37:12.876 [pool-1-thread-1] DEBUG org.apache.http.wire - << "[0x8]"
19:37:12.876 [pool-1-thread-1] DEBUG org.apache.http.wire - << "[0x0]"
19:37:12.876 [pool-1-thread-1] DEBUG org.apache.http.wire - << "[0x0][0x0][0x0][0x0][0x0][0x3]"
19:37:12.877 [pool-1-thread-1] DEBUG org.apache.http.wire - << "[0xc5]U[0xdb]n[0xdb]8[0x10][0xfd][0x15]B[0xcf][0xa5]E[0x8a][0xd4][0xcd]O[0xcd]&[[0xc0][0xc0]nZ[0xc4]M[0xb]t[0xbb][0x8]xS[0xa2]T&[0x5][0x92]r[0x1a][0x14][0xf9][0xf7][0x92]T[0xed][0xd8]X[0xe7]a[0xf7]![0xb][0x8]0[0xe6][0x90][0x9c]9s[0xe6][0xe2][0x1f][0xd9][0xb9]U[0xcc][0xab]+[0xe5][0xa6][0xc1]gK[0xf0]#[0xbb][0xb1]l[0x18][0x1e][0xcf]>[0xac][0xfe]d[0xf7][0xc6][0x6](+[0xb2]7[0xe0][0x0][0xee][0xf5][0xc][0xa3][0x8][0xff]n[0xad][0xb1].[0x98][0xfd][0x1d][0xac][0xcf][0xcc][0xea]^[0xdf]&;[y[0xd0];[0xa0][\r][0x18][0x8c][0xbe]U[0x16]h%[0x94]s[0xcc]>[0x2]o[0x0][0x1b]G[0xa5]%[0xf8][0x9a]-[0xee][0xdd][0xd7],"[0x9f][0xd7][0xc1]9[0xb0][0xca][0x99][0xc9][0x86][0x8b][0x8b],:|[0xcf][0xef][0x95][0xf8]/[0xbc]n[0xac][0xea][0xa2]q[0xe7][0xfd][0xe8][0x96]y[0x9e]n[0xe1]E[0xfa][0x91]j"
19:37:12.877 [pool-1-thread-1] DEBUG org.apache.http.wire - << "[0xbb][0x10]f[0x93][0xbb]a[0x93]?([0xee][0x94][0xdd][0xf6]B[0xe5][0xdb]b[0x81]r[0xaf][0x9c][0x17],@I[0x90][0x9c][0xe0][0x16][0x87][0xaf])[0xb][0xba]w;s[0xba][0xbe]^][0xc4][0x0][0xb4]c%m[0x85][0x82]U[0xdd]u[0x90][0x16][0x8a][0xc2][0x86][0xb5][0x2]R*[0xcb][0xa2][0xab]*[0xdc][0xc9][0xf9][0xa5]I[0xcf]>)[0xeb]z[0xa3][0xe3]K[0x1c][0xe1]$[0x0].B[0x11]RN[0x8][0xb7][0x10][0xd5][0x10][0x95][0x1f][0xb][0xb2]$[0xf5][0x12][0x17][0x8b][0x9a][0xa2]/[0xc9][0xc5]\+y[0x16][0x5][0xc9][0xee]'[0xe7][0x83][0xba][0xf][0xd9]^[0xa6]D[0xe8][0x90][0xf1][0xfe][0xe4][0xdf][0x92][0xfd][0xc5]r%[0xf7]<[0xd7][0x13]w[0xc2][0xf6][0xa3][0x9f][0xc9][0xbf]V9[0xdc]A[0xd8][0xbc][0xc2][0xa8]&[0xa4][0xc2]-j_[0xa8][0x5][0xab]eQ[0x94][0x12]2&$[0xa4][0xb8][0xc4][0xb0]ie[0x3]9oTEJNp[0xcd][0x8f]_^[0xb2]M[0x92][0xfd][0xfc][0xc][0xac][0xb4]W[0xb7]6[0x15][0xc3][0x81][0x94][0xf3][0x8d][0x1c][0xd3][0xe9]Q[0xf2]O[0xb1][0xcf][0x8d][0xfd][0xe6]F&[0xd4]+J[0xf1][0xb0][0x8b][0x99][0x17]5"[0xa1][0xbc][0x4][0x95]M[0xf3][0x82][0x10][0x4][0xf1][0x8e]T%,[0xb1]d[0x90][0xd6][0x15][0x9]B`[0xe]KUp[0xcc][0x1a][0xd6][0x90][0xb6]>-[0x84][0xfc].[0x16]#[0xb3]^+[[0xbc][0x8d]F[0xa0][0x3]CS6[0x90] xi[0xb6]G[0xba]<[0xcb][0x10]E9[0xf3][0x9e][0x89][0xbb][0x8d][0xd2][0xde][0xbd][0xa2],[0x1f][0xc3][0xc0][0x9e][0x87][0x81][0xbd][0xfa][0xe7][0xc0][0xe6][0x87][0x8c][0xe]y?[0xe3]i[0x4][0xcd][0xa4][0xe3]D[0xa1][0x98][0xc4]oS?[0xa4][0xae][0xaf][0xaa]xvb,[0x11]Z[0xa6]o[0x81][0xd0]<[0x96][0x17][0xd3][0xdc]5[0xe1][0x9e][0x9e][0x86]! [0x97]&[0xac][0x91][0xf8][0xec]z[0x94]q`Ag[0xcd][0x6][0xac][0xd5][0xa0]t?m[0xc0][0xf9]$[0xa6][\r][0xf][0x1b][0xf1]j[0xd2]A[0xe7][0xe8][0xe3][0x83]5[0xaf][0xbc][0xe8][0xc6]9[0xe2][0xae][0x99]h[0xd1][0xa0][0x17]6\[0xd9][0xd5][0x8c]W<,[\r][0x8c]ZH[0x9][0x13][0x90][0xd7][0xa2][0x83]a[0x97][0x8]&9[0xc7][0x88][0xa8][0xd3][0xcd][0xf4]^[0xf][0xbd]V`[0xed][0x8d]UG[0x5][0xd8][0xa5][0x1b][0x15][0xdf][0x15][0xf0]X[0xf2]s[0xb7] Z[0xd4][0xb8][0xa1][0xa7][0x93][0xe7][0x2][0x85]Y[0xe9][0xc2][0x9e][0xac]H[\r]i+[0x15]d$[0xac]M[0xd2][0xa2][0xa6][0xe][0xfb][0x93]RU[0x9e]N[0xfe][0xf]s[0xdb]k0[0x85][0xc0][0xe0][0xa1][0xf7]w`[0xcb][0x86]^&[[0x87][0x1b]o@[0xaf]g"
19:37:12.878 [pool-1-thread-1] DEBUG org.apache.http.wire - << "dd[0xce][0x85][0xd9][0x96]G[0x2][0xed]E[0xd9])[0xb4]V[0xfe][0xb9][0xbf]"[0xa0][0xec][0xb3][0x1d][0xd6][0xb5][0xec]S[0xf7]d[0xef]X?[0x9c][0xf4][0xf4][0xeb][0x1f][0xfe][0xe9][0xe9][0xe9]'[0x8d]|[0xfb]}[0xf4][0x7][0x0][0x0]"
19:37:12.878 [pool-1-thread-1] DEBUG org.apache.http.impl.conn.BasicClientConnectionManager - Releasing connection org.apache.http.impl.conn.ManagedClientConnectionImpl@c1b7117
19:37:12.878 [pool-1-thread-1] DEBUG org.apache.http.impl.conn.BasicClientConnectionManager - Connection can be kept alive indefinitely
19:37:21.643 [Darkroom Processing Line] DEBUG net.serenitybdd.core.photography.DarkroomProcessingLine - Processing screenshot image in /var/screenshots/screenshot-8601723581813039510
19:37:21.643 [Darkroom Processing Line] DEBUG net.serenitybdd.core.photography.DarkroomProcessingLine - Saving screenshot to target/site/serenity/a0e066c1d6327a5534184bd5944f5540c22aa56dc4efe4c9f4e0e81026eba136.png
19:37:21.928 [Darkroom Processing Line] DEBUG net.serenitybdd.core.photography.DarkroomProcessingLine - Processing screenshot image in /var/screenshots/screenshot-8673306011940711494
19:37:21.928 [Darkroom Processing Line] DEBUG net.serenitybdd.core.photography.DarkroomProcessingLine - Saving screenshot to target/site/serenity/dc1f5384764355786ec8d86c190082cfe5e15be954b9f8990cf4f08c963a9dd3.png
19:37:30.268 [Darkroom Processing Line] DEBUG net.serenitybdd.core.photography.DarkroomProcessingLine - Darkroom processing line shutting down
]]></system-out>
    <system-err><![CDATA[Jul 05, 2019 7:36:57 PM org.openqa.selenium.remote.DesiredCapabilities firefox
INFO: Using `new FirefoxOptions()` is preferred to `DesiredCapabilities.firefox()`
Jul 05, 2019 7:36:57 PM org.openqa.selenium.remote.DesiredCapabilities firefox
INFO: Using `new FirefoxOptions()` is preferred to `DesiredCapabilities.firefox()`
1562369817675	mozrunner::runner	INFO	Running command: "/Applications/Firefox.app/Contents/MacOS/firefox-bin" "-marionette" "-foreground" "-no-remote" "-profile" "/var/folders/tz/0s48p9k51w7dryw_3j12wm7r0000gn/T/rust_mozprofile.iPcetTn0AwwO"
1562369818387	addons.webextension.screenshots@mozilla.org	WARN	Loading extension 'screenshots@mozilla.org': Reading manifest: Invalid extension permission: mozillaAddons
1562369818387	addons.webextension.screenshots@mozilla.org	WARN	Loading extension 'screenshots@mozilla.org': Reading manifest: Invalid extension permission: resource://pdf.js/
1562369818387	addons.webextension.screenshots@mozilla.org	WARN	Loading extension 'screenshots@mozilla.org': Reading manifest: Invalid extension permission: about:reader*
1562369821084	Marionette	INFO	Listening on port 54781
1562369821107	Marionette	WARN	TLS certificate errors will be ignored for this session
Jul 05, 2019 7:37:01 PM org.openqa.selenium.remote.ProtocolHandshake createSession
INFO: Detected dialect: W3C
JavaScript error: http://ec2-54-169-26-252.ap-southeast-1.compute.amazonaws.com:8080/js/dashboard.js, line 39: ReferenceError: Chart is not defined
JavaScript error: http://ec2-54-169-26-252.ap-southeast-1.compute.amazonaws.com:8080/js/widgets.js, line 24: TypeError: ctx is null
JavaScript error: http://ec2-54-169-26-252.ap-southeast-1.compute.amazonaws.com:8080/js/dashboard.js, line 39: ReferenceError: Chart is not defined
JavaScript error: http://ec2-54-169-26-252.ap-southeast-1.compute.amazonaws.com:8080/js/widgets.js, line 24: TypeError: ctx is null
1562369831231	Marionette	INFO	Stopped listening on port 54781
1562369833007	mozrunner::runner	INFO	Running command: "/Applications/Firefox.app/Contents/MacOS/firefox-bin" "-marionette" "-foreground" "-no-remote" "-profile" "/var/folders/tz/0s48p9k51w7dryw_3j12wm7r0000gn/T/rust_mozprofile.fg3UMFiGa6gZ"
1562369833858	addons.webextension.screenshots@mozilla.org	WARN	Loading extension 'screenshots@mozilla.org': Reading manifest: Invalid extension permission: mozillaAddons
1562369833859	addons.webextension.screenshots@mozilla.org	WARN	Loading extension 'screenshots@mozilla.org': Reading manifest: Invalid extension permission: resource://pdf.js/
1562369833859	addons.webextension.screenshots@mozilla.org	WARN	Loading extension 'screenshots@mozilla.org': Reading manifest: Invalid extension permission: about:reader*
1562369836527	Marionette	INFO	Listening on port 54851
1562369836544	Marionette	WARN	TLS certificate errors will be ignored for this session
JavaScript error: http://ec2-54-169-26-252.ap-southeast-1.compute.amazonaws.com:8080/js/dashboard.js, line 39: ReferenceError: Chart is not defined
JavaScript error: http://ec2-54-169-26-252.ap-southeast-1.compute.amazonaws.com:8080/js/widgets.js, line 24: TypeError: ctx is null
JavaScript error: http://ec2-54-169-26-252.ap-southeast-1.compute.amazonaws.com:8080/js/dashboard.js, line 39: ReferenceError: Chart is not defined
JavaScript error: http://ec2-54-169-26-252.ap-southeast-1.compute.amazonaws.com:8080/js/widgets.js, line 24: TypeError: ctx is null
1562369846276	Marionette	INFO	Stopped listening on port 54851
]]></system-err>
  </testcase>
  <testcase name="Login user with valid username, empty password" classname="Login User" time="14.816">
    <failure type="java.lang.AssertionError">java.lang.AssertionError
</failure>
    <system-out><![CDATA[    &amp#27;[32mGiven &amp#27;[0m&amp#27;[32m&amp#27;[0m&amp#27;[32m&amp#27;[1mDavid&amp#27;[0m&amp#27;[32m is a registered user&amp#27;[0m                                    &amp#27;[90m# LoginUserTests.registeredUser(String)&amp#27;[0m
19:37:12.901 [pool-1-thread-1] DEBUG net.thucydides.core.steps.StepInterceptor - STARTING STEP: LoginUserTests.userAtLoginPage - Open Browser and Navigate to Login Page
19:37:12.919 [pool-1-thread-1] DEBUG net.serenitybdd.core.webdriver.servicepools.GeckoServicePool - Creating new driver instance with capabilities: Capabilities {acceptInsecureCerts: true, browserName: firefox, firefox_profile: org.openqa.selenium.firefox..., headless: false, marionette: true, platform: ANY, version: }

19:37:21.271 [pool-1-thread-1] DEBUG net.serenitybdd.core.photography.Darkroom - Send negative for processing for target/site/serenity/f6d9286b70afc63b7869204278e5c4e2a037205f9673eb5a813fa24a4a8395fc.png
19:37:21.272 [pool-1-thread-1] DEBUG net.thucydides.core.steps.StepInterceptor - STEP DONE: Open Browser and Navigate to Login Page

    &amp#27;[32mWhen &amp#27;[0m&amp#27;[32m&amp#27;[0m&amp#27;[32m&amp#27;[1mDavid&amp#27;[0m&amp#27;[32m navigates to the Login page&amp#27;[0m                              &amp#27;[90m# LoginUserTests.userAtLoginPage(String)&amp#27;[0m


19:37:21.280 [pool-1-thread-1] DEBUG net.thucydides.core.steps.StepInterceptor - STARTING STEP: LoginUserTests.enterUserName - Enter Username '{0}' into the Username field

19:37:21.643 [pool-1-thread-1] DEBUG net.serenitybdd.core.photography.Darkroom - Send negative for processing for target/site/serenity/a0e066c1d6327a5534184bd5944f5540c22aa56dc4efe4c9f4e0e81026eba136.png
19:37:21.644 [pool-1-thread-1] DEBUG net.thucydides.core.steps.StepInterceptor - STEP DONE: Enter Username '{0}' into the Username field

    &amp#27;[32mAnd &amp#27;[0m&amp#27;[32mhe or she enters '&amp#27;[0m&amp#27;[32m&amp#27;[1mdsmith@demo.io&amp#27;[0m&amp#27;[32m' into the login Username field&amp#27;[0m &amp#27;[90m# LoginUserTests.enterUserName(String)&amp#27;[0m


19:37:21.649 [pool-1-thread-1] DEBUG net.thucydides.core.steps.StepInterceptor - STARTING STEP: LoginUserTests.enterPassword - Enter Password '{0}' into the Password field

19:37:21.928 [pool-1-thread-1] DEBUG net.serenitybdd.core.photography.Darkroom - Send negative for processing for target/site/serenity/dc1f5384764355786ec8d86c190082cfe5e15be954b9f8990cf4f08c963a9dd3.png
19:37:21.928 [pool-1-thread-1] DEBUG net.thucydides.core.steps.StepInterceptor - STEP DONE: Enter Password '{0}' into the Password field

    &amp#27;[32mAnd &amp#27;[0m&amp#27;[32mhe or she enters '&amp#27;[0m&amp#27;[32m&amp#27;[1m&amp#27;[0m&amp#27;[32m' into the login Password field&amp#27;[0m               &amp#27;[90m# LoginUserTests.enterPassword(String)&amp#27;[0m


19:37:21.935 [pool-1-thread-1] DEBUG net.thucydides.core.steps.StepInterceptor - STARTING STEP: LoginUserTests.clickSubmit - Click the Submit button

19:37:26.248 [pool-1-thread-1] DEBUG net.serenitybdd.core.photography.Darkroom - Send negative for processing for target/site/serenity/5e8e25e46e1b6a1625a90efa8c814bc0ab722125e1a73c21008029c860df3830.png
19:37:26.248 [pool-1-thread-1] DEBUG net.thucydides.core.steps.StepInterceptor - STEP DONE: Click the Submit button

    &amp#27;[32mAnd &amp#27;[0m&amp#27;[32mhe or she submits the login request&amp#27;[0m                             &amp#27;[90m# LoginUserTests.clickSubmit()&amp#27;[0m


19:37:26.252 [pool-1-thread-1] DEBUG net.thucydides.core.steps.StepInterceptor - STARTING STEP: LoginUserTests.redirectToHomePage - Authenticated User is expected to redirect the browser to the Home page

    &amp#27;[31mThen &amp#27;[0m&amp#27;[31m&amp#27;[0m&amp#27;[31m&amp#27;[1mDavid&amp#27;[0m&amp#27;[31m verifies he or she is at the Home page&amp#27;[0m                   &amp#27;[90m# LoginUserTests.redirectToHomePage(String)&amp#27;[0m
      &amp#27;[31mjava.lang.AssertionError
	at org.junit.Assert.fail(Assert.java:86)
	at org.junit.Assert.assertTrue(Assert.java:41)
	at org.junit.Assert.assertTrue(Assert.java:52)
	at io.demo.testrunner.test.steps.LoginSteps.redirectedToHomePage(LoginSteps.java:52)
	at io.demo.testrunner.test.steps.LoginSteps$$EnhancerByCGLIB$$f33d8cec.CGLIB$redirectedToHomePage$6(<generated>)
	at io.demo.testrunner.test.steps.LoginSteps$$EnhancerByCGLIB$$f33d8cec$$FastClassByCGLIB$$3038e315.invoke(<generated>)
	at net.sf.cglib.proxy.MethodProxy.invokeSuper(MethodProxy.java:228)
	at net.thucydides.core.steps.StepInterceptor.invokeMethod(StepInterceptor.java:478)
	at net.thucydides.core.steps.StepInterceptor.executeTestStepMethod(StepInterceptor.java:463)
	at net.thucydides.core.steps.StepInterceptor.runTestStep(StepInterceptor.java:438)
	at net.thucydides.core.steps.StepInterceptor.runOrSkipMethod(StepInterceptor.java:179)
	at net.thucydides.core.steps.StepInterceptor.testStepResult(StepInterceptor.java:166)
	at net.thucydides.core.steps.StepInterceptor.intercept(StepInterceptor.java:72)
	at io.demo.testrunner.test.steps.LoginSteps$$EnhancerByCGLIB$$f33d8cec.redirectedToHomePage(<generated>)
	at io.demo.testrunner.test.definition.LoginUserTests.redirectToHomePage(LoginUserTests.java:78)
	at .David verifies he or she is at the Home page(features/Login User.feature:26)
&amp#27;[0m
19:37:27.176 [pool-1-thread-1] ERROR net.thucydides.core.steps.ConsoleLoggingListener - 
           __  _____ _____ ____ _____   _____ _    ___ _     _____ ____  
  _       / / |_   _| ____/ ___|_   _| |  ___/ \  |_ _| |   | ____|  _ \ 
 (_)_____| |    | | |  _| \___ \ | |   | |_ / _ \  | || |   |  _| | | | |
  _|_____| |    | | | |___ ___) || |   |  _/ ___ \ | || |___| |___| |_| |
 (_)     | |    |_| |_____|____/ |_|   |_|/_/   \_\___|_____|_____|____/ 
          \_\                                                            

TEST FAILED: Login user with valid username, empty password
--------------------------------------------------------------------------
19:37:27.176 [pool-1-thread-1] DEBUG net.thucydides.core.steps.ConsoleLoggingListener - RELATED ISSUES: 
19:37:27.176 [pool-1-thread-1] ERROR net.thucydides.core.steps.ConsoleLoggingListener - TEST FAILED AT STEP Authenticated User is expected to redirect the browser to the Home page
19:37:27.176 [pool-1-thread-1] ERROR net.thucydides.core.steps.ConsoleLoggingListener - 
19:37:27.180 [pool-1-thread-1] DEBUG org.apache.http.impl.conn.BasicClientConnectionManager - Get connection for route {s}->https://rally1.rallydev.com
19:37:27.180 [pool-1-thread-1] DEBUG org.apache.http.impl.conn.DefaultClientConnectionOperator - Connecting to rally1.rallydev.com:443
19:37:27.307 [pool-1-thread-1] DEBUG org.apache.http.client.protocol.RequestAddCookies - CookieSpec selected: best-match
19:37:27.307 [pool-1-thread-1] DEBUG org.apache.http.client.protocol.RequestAuthCache - Auth cache not set in the context
19:37:27.307 [pool-1-thread-1] DEBUG org.apache.http.client.protocol.RequestTargetAuthentication - Target auth state: UNCHALLENGED
19:37:27.307 [pool-1-thread-1] DEBUG org.apache.http.client.protocol.RequestProxyAuthentication - Proxy auth state: UNCHALLENGED
19:37:27.307 [pool-1-thread-1] DEBUG com.rallydev.rest.client.ApiKeyClient - Attempt 1 to execute request
19:37:27.307 [pool-1-thread-1] DEBUG org.apache.http.impl.conn.DefaultClientConnection - Sending request: POST /slm/webservice/v2.0/testcaseresult/create.js?fetch=true HTTP/1.1
19:37:27.307 [pool-1-thread-1] DEBUG org.apache.http.wire - >> "POST /slm/webservice/v2.0/testcaseresult/create.js?fetch=true HTTP/1.1[\r][\n]"
19:37:27.307 [pool-1-thread-1] DEBUG org.apache.http.wire - >> "zsessionid: _Pb9XbCHTJmpuwpfPooimjI93vxSkmfgPhVUzHHtpg[\r][\n]"
19:37:27.307 [pool-1-thread-1] DEBUG org.apache.http.wire - >> "X-RallyIntegrationName: Rally Rest API for Java[\r][\n]"
19:37:27.307 [pool-1-thread-1] DEBUG org.apache.http.wire - >> "X-RallyIntegrationVersion: 2.2.1[\r][\n]"
19:37:27.307 [pool-1-thread-1] DEBUG org.apache.http.wire - >> "X-RallyIntegrationLibrary: Rally Rest API for Java v2.2.1[\r][\n]"
19:37:27.307 [pool-1-thread-1] DEBUG org.apache.http.wire - >> "X-RallyIntegrationVendor: Rally Software, Inc.[\r][\n]"
19:37:27.307 [pool-1-thread-1] DEBUG org.apache.http.wire - >> "Accept-Encoding: gzip,deflate[\r][\n]"
19:37:27.307 [pool-1-thread-1] DEBUG org.apache.http.wire - >> "Content-Length: 185[\r][\n]"
19:37:27.307 [pool-1-thread-1] DEBUG org.apache.http.wire - >> "Content-Type: text/plain; charset=UTF-8[\r][\n]"
19:37:27.307 [pool-1-thread-1] DEBUG org.apache.http.wire - >> "Host: rally1.rallydev.com[\r][\n]"
19:37:27.307 [pool-1-thread-1] DEBUG org.apache.http.wire - >> "Connection: Keep-Alive[\r][\n]"
19:37:27.307 [pool-1-thread-1] DEBUG org.apache.http.wire - >> "User-Agent: Apache-HttpClient/4.2.5 (java 1.5)[\r][\n]"
19:37:27.307 [pool-1-thread-1] DEBUG org.apache.http.wire - >> "[\r][\n]"
19:37:27.307 [pool-1-thread-1] DEBUG org.apache.http.headers - >> POST /slm/webservice/v2.0/testcaseresult/create.js?fetch=true HTTP/1.1
19:37:27.307 [pool-1-thread-1] DEBUG org.apache.http.headers - >> zsessionid: _Pb9XbCHTJmpuwpfPooimjI93vxSkmfgPhVUzHHtpg
19:37:27.307 [pool-1-thread-1] DEBUG org.apache.http.headers - >> X-RallyIntegrationName: Rally Rest API for Java
19:37:27.307 [pool-1-thread-1] DEBUG org.apache.http.headers - >> X-RallyIntegrationVersion: 2.2.1
19:37:27.307 [pool-1-thread-1] DEBUG org.apache.http.headers - >> X-RallyIntegrationLibrary: Rally Rest API for Java v2.2.1
19:37:27.307 [pool-1-thread-1] DEBUG org.apache.http.headers - >> X-RallyIntegrationVendor: Rally Software, Inc.
19:37:27.308 [pool-1-thread-1] DEBUG org.apache.http.headers - >> Accept-Encoding: gzip,deflate
19:37:27.308 [pool-1-thread-1] DEBUG org.apache.http.headers - >> Content-Length: 185
19:37:27.308 [pool-1-thread-1] DEBUG org.apache.http.headers - >> Content-Type: text/plain; charset=UTF-8
19:37:27.308 [pool-1-thread-1] DEBUG org.apache.http.headers - >> Host: rally1.rallydev.com
19:37:27.308 [pool-1-thread-1] DEBUG org.apache.http.headers - >> Connection: Keep-Alive
19:37:27.308 [pool-1-thread-1] DEBUG org.apache.http.headers - >> User-Agent: Apache-HttpClient/4.2.5 (java 1.5)
19:37:27.308 [pool-1-thread-1] DEBUG org.apache.http.wire - >> "{"testcaseresult":{"Verdict":"Fail","Date":"2019-07-05T00:00:00.000Z","Notes":"Updated from Selenium Cucumber Runner","Build":"66","TestCase":"319110427852","Workspace":"270352430588"}}"
19:37:27.703 [pool-1-thread-1] DEBUG org.apache.http.wire - << "HTTP/1.1 200 OK[\r][\n]"
19:37:27.703 [pool-1-thread-1] DEBUG org.apache.http.wire - << "Date: Fri, 05 Jul 2019 23:37:27 GMT[\r][\n]"
19:37:27.703 [pool-1-thread-1] DEBUG org.apache.http.wire - << "Content-Type: application/json;  charset=utf-8[\r][\n]"
19:37:27.703 [pool-1-thread-1] DEBUG org.apache.http.wire - << "Content-Length: 760[\r][\n]"
19:37:27.703 [pool-1-thread-1] DEBUG org.apache.http.wire - << "Connection: keep-alive[\r][\n]"
19:37:27.704 [pool-1-thread-1] DEBUG org.apache.http.wire - << "Set-Cookie: __cfduid=d43de945952e4e8fde21f9a3ac13688de1562369847; expires=Sat, 04-Jul-20 23:37:27 GMT; path=/; domain=.rallydev.com; HttpOnly[\r][\n]"
19:37:27.704 [pool-1-thread-1] DEBUG org.apache.http.wire - << "Expires: Thu, 01 Jan 1970 00:00:00 GMT[\r][\n]"
19:37:27.704 [pool-1-thread-1] DEBUG org.apache.http.wire - << "X-XSS-Protection: 1; mode=block[\r][\n]"
19:37:27.704 [pool-1-thread-1] DEBUG org.apache.http.wire - << "RallyRequestID: qs-app-07rwl5awjoxq9g13uucdkemdw87.qs-app-076536834[\r][\n]"
19:37:27.704 [pool-1-thread-1] DEBUG org.apache.http.wire - << "Vary: Origin,Accept-Encoding[\r][\n]"
19:37:27.704 [pool-1-thread-1] DEBUG org.apache.http.wire - << "Set-Cookie: JSESSIONID=qs-app-07rwl5awjoxq9g13uucdkemdw87.qs-app-07;Path=/;Secure;HttpOnly[\r][\n]"
19:37:27.704 [pool-1-thread-1] DEBUG org.apache.http.wire - << "Content-Encoding: gzip[\r][\n]"
19:37:27.704 [pool-1-thread-1] DEBUG org.apache.http.wire - << "P3P: CP="NON DSP COR CURa PSAa PSDa OUR NOR BUS PUR COM NAV STA"[\r][\n]"
19:37:27.704 [pool-1-thread-1] DEBUG org.apache.http.wire - << "Cache-Control: private,max-age=0,must-revalidate[\r][\n]"
19:37:27.704 [pool-1-thread-1] DEBUG org.apache.http.wire - << "Strict-Transport-Security: max-age=31536000; includeSubDomains; preload;[\r][\n]"
19:37:27.704 [pool-1-thread-1] DEBUG org.apache.http.wire - << "set-cookie: SUBBUCKETID=508;Path=/;Domain=rally1.rallydev.com;Secure;HttpOnly[\r][\n]"
19:37:27.704 [pool-1-thread-1] DEBUG org.apache.http.wire - << "set-cookie: SUBSCRIPTIONID=87508;Path=/;Domain=rally1.rallydev.com;Secure;HttpOnly[\r][\n]"
19:37:27.704 [pool-1-thread-1] DEBUG org.apache.http.wire - << "set-cookie: SERVERID=c1acc7f401011b9881d1497a9ef30b27acc4a1c9; path=/[\r][\n]"
19:37:27.704 [pool-1-thread-1] DEBUG org.apache.http.wire - << "Accept-Ranges: bytes[\r][\n]"
19:37:27.704 [pool-1-thread-1] DEBUG org.apache.http.wire - << "Expect-CT: max-age=604800, report-uri="https://report-uri.cloudflare.com/cdn-cgi/beacon/expect-ct"[\r][\n]"
19:37:27.704 [pool-1-thread-1] DEBUG org.apache.http.wire - << "Server: cloudflare[\r][\n]"
19:37:27.704 [pool-1-thread-1] DEBUG org.apache.http.wire - << "CF-RAY: 4f1d2ab9cf80d310-ATL[\r][\n]"
19:37:27.704 [pool-1-thread-1] DEBUG org.apache.http.wire - << "[\r][\n]"
19:37:27.704 [pool-1-thread-1] DEBUG org.apache.http.impl.conn.DefaultClientConnection - Receiving response: HTTP/1.1 200 OK
19:37:27.704 [pool-1-thread-1] DEBUG org.apache.http.headers - << HTTP/1.1 200 OK
19:37:27.704 [pool-1-thread-1] DEBUG org.apache.http.headers - << Date: Fri, 05 Jul 2019 23:37:27 GMT
19:37:27.704 [pool-1-thread-1] DEBUG org.apache.http.headers - << Content-Type: application/json;  charset=utf-8
19:37:27.704 [pool-1-thread-1] DEBUG org.apache.http.headers - << Content-Length: 760
19:37:27.704 [pool-1-thread-1] DEBUG org.apache.http.headers - << Connection: keep-alive
19:37:27.704 [pool-1-thread-1] DEBUG org.apache.http.headers - << Set-Cookie: __cfduid=d43de945952e4e8fde21f9a3ac13688de1562369847; expires=Sat, 04-Jul-20 23:37:27 GMT; path=/; domain=.rallydev.com; HttpOnly
19:37:27.704 [pool-1-thread-1] DEBUG org.apache.http.headers - << Expires: Thu, 01 Jan 1970 00:00:00 GMT
19:37:27.704 [pool-1-thread-1] DEBUG org.apache.http.headers - << X-XSS-Protection: 1; mode=block
19:37:27.704 [pool-1-thread-1] DEBUG org.apache.http.headers - << RallyRequestID: qs-app-07rwl5awjoxq9g13uucdkemdw87.qs-app-076536834
19:37:27.704 [pool-1-thread-1] DEBUG org.apache.http.headers - << Vary: Origin,Accept-Encoding
19:37:27.704 [pool-1-thread-1] DEBUG org.apache.http.headers - << Set-Cookie: JSESSIONID=qs-app-07rwl5awjoxq9g13uucdkemdw87.qs-app-07;Path=/;Secure;HttpOnly
19:37:27.704 [pool-1-thread-1] DEBUG org.apache.http.headers - << Content-Encoding: gzip
19:37:27.704 [pool-1-thread-1] DEBUG org.apache.http.headers - << P3P: CP="NON DSP COR CURa PSAa PSDa OUR NOR BUS PUR COM NAV STA"
19:37:27.704 [pool-1-thread-1] DEBUG org.apache.http.headers - << Cache-Control: private,max-age=0,must-revalidate
19:37:27.704 [pool-1-thread-1] DEBUG org.apache.http.headers - << Strict-Transport-Security: max-age=31536000; includeSubDomains; preload;
19:37:27.704 [pool-1-thread-1] DEBUG org.apache.http.headers - << set-cookie: SUBBUCKETID=508;Path=/;Domain=rally1.rallydev.com;Secure;HttpOnly
19:37:27.704 [pool-1-thread-1] DEBUG org.apache.http.headers - << set-cookie: SUBSCRIPTIONID=87508;Path=/;Domain=rally1.rallydev.com;Secure;HttpOnly
19:37:27.704 [pool-1-thread-1] DEBUG org.apache.http.headers - << set-cookie: SERVERID=c1acc7f401011b9881d1497a9ef30b27acc4a1c9; path=/
19:37:27.704 [pool-1-thread-1] DEBUG org.apache.http.headers - << Accept-Ranges: bytes
19:37:27.704 [pool-1-thread-1] DEBUG org.apache.http.headers - << Expect-CT: max-age=604800, report-uri="https://report-uri.cloudflare.com/cdn-cgi/beacon/expect-ct"
19:37:27.705 [pool-1-thread-1] DEBUG org.apache.http.headers - << Server: cloudflare
19:37:27.705 [pool-1-thread-1] DEBUG org.apache.http.headers - << CF-RAY: 4f1d2ab9cf80d310-ATL
19:37:27.705 [pool-1-thread-1] DEBUG org.apache.http.client.protocol.ResponseProcessCookies - Cookie accepted: "[version: 0][name: __cfduid][value: d43de945952e4e8fde21f9a3ac13688de1562369847][domain: .rallydev.com][path: /][expiry: Sat Jul 04 19:37:27 EDT 2020]". 
19:37:27.705 [pool-1-thread-1] DEBUG org.apache.http.client.protocol.ResponseProcessCookies - Cookie accepted: "[version: 0][name: JSESSIONID][value: qs-app-07rwl5awjoxq9g13uucdkemdw87.qs-app-07][domain: rally1.rallydev.com][path: /][expiry: null]". 
19:37:27.705 [pool-1-thread-1] DEBUG org.apache.http.client.protocol.ResponseProcessCookies - Cookie accepted: "[version: 0][name: SUBBUCKETID][value: 508][domain: rally1.rallydev.com][path: /][expiry: null]". 
19:37:27.705 [pool-1-thread-1] DEBUG org.apache.http.client.protocol.ResponseProcessCookies - Cookie accepted: "[version: 0][name: SUBSCRIPTIONID][value: 87508][domain: rally1.rallydev.com][path: /][expiry: null]". 
19:37:27.705 [pool-1-thread-1] DEBUG org.apache.http.client.protocol.ResponseProcessCookies - Cookie accepted: "[version: 0][name: SERVERID][value: c1acc7f401011b9881d1497a9ef30b27acc4a1c9][domain: rally1.rallydev.com][path: /][expiry: null]". 
19:37:27.705 [pool-1-thread-1] DEBUG com.rallydev.rest.client.ApiKeyClient - Connection can be kept alive indefinitely
19:37:27.706 [pool-1-thread-1] DEBUG org.apache.http.wire - << "[0x1f]"
19:37:27.706 [pool-1-thread-1] DEBUG org.apache.http.wire - << "[0x8b]"
19:37:27.706 [pool-1-thread-1] DEBUG org.apache.http.wire - << "[0x8]"
19:37:27.706 [pool-1-thread-1] DEBUG org.apache.http.wire - << "[0x0]"
19:37:27.706 [pool-1-thread-1] DEBUG org.apache.http.wire - << "[0x0][0x0][0x0][0x0][0x0][0x3]"
19:37:27.706 [pool-1-thread-1] DEBUG org.apache.http.wire - << "[0xc5]U[o[0xdb]6[0x14][0xfe]+[0x84][0x9e]K[0x8b][0x17]I[0x94][0xfc][0xb4]4Y[0x1][0x3][Z[0xc4][0xcd][\n]"
19:37:27.706 [pool-1-thread-1] DEBUG org.apache.http.wire - << "l[0x1d][0x2][0xde][0x94]([0x95]I[0x81][0xa4][0x9c][0x6]E[0xfe][0xfb]H[0xba]Nl[0xcc]}X[0x1f]2[0xc0][0x80]q>[0x92][0xe7][0xf2][0x9d][0xf3][0x1d]}+[0xce][0x9d][0xe6]A_i?[0x8f][0xa1]X[0x82]o[0xc5][0x8d][0xe3][0xe3][0xf8]x[0xf6]a[0xf5];[0xbf][0xb7].B[0x5])[0xde][0x80][0x3]x0;[0x18]%[0xf8]W[0xe7][0xac][0xf3][0xd1][0xfc][0xeb][0xef]h}[0xe2][0xce][0xc][0xe6]6[0xdb][0xc5]*[0x80][0xc1][0x3]c[0xc1]h[0xcd][0xad]v[0xc0]h[0xa9][0xbd][0xe7][0xee][0x11][0x4][0xb][0xf8]4i[0xa3][0xc0][0xe7]bq[0xef]?[0x17][0x9][0xf9][0xb4][0x8e][0xce][0x81][0xd3][0xde][0xce].^\[0x14][0xc9][0xe1]{q[0xaf][0xe5][0xcf][0xe4]u[0xe3]t[0x9f][0x8c][0xbb][0x10]&[0xbf],[0xcb]|[0xb]/[0xf2]"
19:37:27.706 [pool-1-thread-1] DEBUG org.apache.http.wire - << "[0x9f][0xd2][0xdb][0x85][0xb4][0x9b][0xd2][0x8f][0x9b][0xf2]A[0xb][0xaf][0xdd]v[0x90][0xba][0xdc][0x92][0x5]*[0x83][0xf6]A[0xf2][0x8]eBJ[0x8a];[0x8c];[0xd4]v[0x88][0x92][0xbd][0xdb]]N[0xd7][0xd7][0xab][0x8b][0x14][0x80][0xf5][0xaa]b[0xac][0x15][0xb0][0xa6][0xad][0x86][0x15]mZ[0xc8];VC[0xa5]0[0xe1]U[0x8d]Q[0xdf][0xf1][0xfc][0xd2][0xe6]gh[0xe7][0x7]k[0xd2]K[0x9c][0xe0]L[0x4].b[0x13]rM[0x8]w[0x10]1[0x88][0xea][0x8f][0x84].)[[0x12][0xb6][0xa8]Q[0xf3]gv[0xb1][0xeb][0x95]:K[0x84][0x14][0xf7][0xb3][0xf][0x91][0xdd][0x87][0xe2][0x99][0xa6][0x9c][0xd0]a[0xc6][0xcf]'[0xff]5[0xd9][0xef]Y[0xae][0xd4]s[0x9e][0xeb]Yx[0xe9][0x86])[0xec][0x92][0xad]v[0xf8][0x83][0xb0]e[0x83][0x11][0xa3][0xb4][0x89][0xd5]u[0xa7]{Qq[0xa6][0x8][0xa9][0x15][0xe4]\*X[0xe1][0x1a][0xc3][0xb6]S-[0x14][0xa2][0xd5][\r][0xad][0x5][0xc5]L[0x1c][0xbf][0xbc][0xe4][0x9b]L[0xfb][0xf9][0x19]X[0x99][0xa0]o]n[0x86][0x7][0xb9][0xe6][0x9b][0xf0]8[0xe5][0xd3][0xa3][0xe2][0x9f][0xd2][0x9c][[0xf7][0xc5]O\[0xea]W[0xa4][0xe2]a[0x1f][0xb3]$[0xc][0xd1][0x9a]T[0x14][0xd5]m[0xfb][0x3]"([0x12]=mjXc[0xc5]a[0xc5][0x1a][0x1a][0x89][0xc0][0xb1][0xed][0x9a][0x8][0xcc][[0xde][0xd2][0x8e][0x9d]&B}[0x95][0x8b][0x89][0xbb]`[0xb4]#[0xbf]$#[0xa6][0x3][0xe3]P[0xb6][0x90]"xi[0xb7]G[0xbc][0xbc][0xd0][0x90]H9[0xb][0x81][0xcb][0xbb][0x8d]6[0xc1][0xbf]"-[0x1f][0xa3]`[0xcf][0xa3]`[0xaf][0xfe]-[0xd8][0xf2]0[0xa3][0xc3][0xbc]_[0xf0],A;[0x9b][0xa4]([0x94][0x8a]x;[0xf]c[0x9e][0xfa][0xa6]Ig'd[0x89][0xd0]2[0xff][0x16][0x8][0xa1],[0xcb][0x8b]y75[0xf1][0x9e][0x99][0xc7]1"[0x97]6[0xae][0x91][0xf4][0xec]zRI[0xb0][0xa0]wv[0x3][0xd6]z[0xd4]f[0x98]7[0xe0]|[0x96][0xf3]F[0xc4][0x8d]x5[0x9b][0xc8]s[0xf2][0xf1][0xc1][0xd9]W^t[0xd3].[0xe2]~[0x98]*[0xd2]"tz[0x98][0xea][0x9e]q[0xd1][0x8][\r][0xa3][0xfe][0xba][0xb8]4[0xb8][0x84][0x82][0xc9][0x1e][0xf6][0xbc][0x96]\[0x9][0x81][0x11][0xd5][0xa7][0x87][0xe9][0xbd][0x19][0x7][0xa3][0xc1]:X[0xa7][0x8f][0x1a][0xb0]/71[0xbe]o[0xe0][0xff][0xb0][0xe4]w[0xd3][0x82]*[0xc2][0xda][0xfa][0x7][0xeb][0xbd]f[0xc][0x8b][0x96]5Pr[0x12][0x95][0xa4]h[0xf];M+[0xa8][0x89][0x94][0x92]Q,[0x88][0xe8]N[0x17][0xff][0x9b][0xbd][0x1d][0xc][0x98]c`[0xf0]0[0x84];[0xb0][0xe5][0xe3][0xa0][0xb2]m[0xe2][0x8d]"
19:37:27.706 [pool-1-thread-1] DEBUG org.apache.http.wire - << "7@o[0xa6][0xf0][0x8]&[0xee]}T[0xb6]:[0xa2][0xe7][0x99][0x92]=?k[0x1d]^[0xa6]+[0x1][0xda][0xbd][0xd8]qY[0xab]![0xcf]N[0xf1][0x8e][0xf][0xe3]IO[0xdf][0xbf][0xef]OOO[0xff][0x0][0xae][0xd1][0xf1][0xe9][0xf2][0x7][0x0][0x0]"
19:37:27.706 [pool-1-thread-1] DEBUG org.apache.http.impl.conn.BasicClientConnectionManager - Releasing connection org.apache.http.impl.conn.ManagedClientConnectionImpl@13b95b7b
19:37:27.706 [pool-1-thread-1] DEBUG org.apache.http.impl.conn.BasicClientConnectionManager - Connection can be kept alive indefinitely
]]></system-out>
    <system-err><![CDATA[Jul 05, 2019 7:37:12 PM org.openqa.selenium.remote.DesiredCapabilities firefox
INFO: Using `new FirefoxOptions()` is preferred to `DesiredCapabilities.firefox()`
Jul 05, 2019 7:37:12 PM org.openqa.selenium.remote.DesiredCapabilities firefox
INFO: Using `new FirefoxOptions()` is preferred to `DesiredCapabilities.firefox()`
Jul 05, 2019 7:37:16 PM org.openqa.selenium.remote.ProtocolHandshake createSession
INFO: Detected dialect: W3C
]]></system-err>
  </testcase>
</testsuite>