<?xml version="1.0" encoding="UTF-8"?>
<testsuite xmlns:xsi="http://www.w3.org/2001/XMLSchema-instance" xsi:noNamespaceSchemaLocation="https://maven.apache.org/surefire/maven-failsafe-plugin/xsd/failsafe-test-report-3.0.xsd" version="3.0" name="Login User" time="55.288" tests="5" errors="0" skipped="0" failures="0">
  <properties>
[...]
</properties>
  <testcase name="Login user with valid username, invalid password" classname="Login User" time="11.51"/>
  <testcase name="Login user with valid username, empty password" classname="Login User" time="10.827"/>
  <testcase name="Login user with valid username, valid password, remember me selected, account is enabled, account not expired, account not locked, credentials not expired" classname="Login User" time="11.976"/>
  <testcase name="Login user with valid username, valid password, remember me not selected, account is enabled, account not expired, account not locked, credentials not expired" classname="Login User" time="11.29"/>
  <testcase name="Login user with valid username, valid password, account is disabled" classname="Login User" time="9.656"/>
</testsuite>