<?xml version="1.0" encoding="UTF-8"?><testsuite errors="0" failures="0" name="Login User" skipped="0" tests="5" time="45.29" timestamp="2019-08-02 04:33:31"><testcase name="Login user with valid username, invalid password"/><testcase name="Login user with valid username, empty password"/><testcase name="Login user with valid username, valid password, remember me selected, account is enabled, account not expired, account not locked, credentials not expired"/><testcase name="Login user with valid username, valid password, remember me not selected, account is enabled, account not expired, account not locked, credentials not expired"/><testcase name="Login user with valid username, valid password, account is disabled"/></testsuite>